                          base,     512,        all, HEADER,                      TEST,          TICK,  HASH,        REP
                          base,     512,        all, RESULT,             binsearch_u64,         37436,    41,        100
                          base,     512,        all, RESULT,                  dijkstra,       1231344,    ba,        100
                          base,     512,        all, RESULT,                      hist,        552498,    18,        100
                          base,     512,        all, RESULT,                    matmul,       1119578,    83,        100
                          base,     512,        all, RESULT,                 qsort_u32,       4445914,    b9,        100
                          base,     512,        all, RESULT,                 qsort_u64,       1929178,    b9,        100
                          base,     512,        all, RESULT,                 radixsort,       6284972,    b9,        100
                          base,     640,        all, RESULT,             binsearch_u64,         66802,    43,        100
                          base,     640,        all, RESULT,                  dijkstra,       1438258,    e1,        100
                          base,     640,        all, RESULT,                      hist,        423722,    fa,        100
                          base,     640,        all, RESULT,                    matmul,       1524104,    1b,        100
                          base,     640,        all, RESULT,                 qsort_u32,       5765980,    2d,        100
                          base,     640,        all, RESULT,                 qsort_u64,       2518624,    ad,        100
                          base,     640,        all, RESULT,                 radixsort,       7358390,    ad,        100
                          base,     768,        all, RESULT,             binsearch_u64,         41090,    36,        100
                          base,     768,        all, RESULT,                  dijkstra,       1659022,    a7,        100
                          base,     768,        all, RESULT,                      hist,        639556,    30,        100
                          base,     768,        all, RESULT,                    matmul,       1524410,    81,        100
                          base,     768,        all, RESULT,                 qsort_u32,       7114468,    b8,        100
                          base,     768,        all, RESULT,                 qsort_u64,       3149006,    38,        100
                          base,     768,        all, RESULT,                 radixsort,       7900108,    38,        100
                          base,     896,        all, RESULT,             binsearch_u64,         42734,    43,        100
                          base,     896,        all, RESULT,                  dijkstra,       1899448,    5e,        100
                          base,     896,        all, RESULT,                      hist,        758704,    a9,        100
                          base,     896,        all, RESULT,                    matmul,       2134180,    71,        100
                          base,     896,        all, RESULT,                 qsort_u32,       8564876,    45,        100
                          base,     896,        all, RESULT,                 qsort_u64,       3800134,    c5,        100
                          base,     896,        all, RESULT,                 radixsort,       7509492,    45,        100
                          base,    1024,        all, RESULT,             binsearch_u64,         25802,    39,        100
                          base,    1024,        all, RESULT,                  dijkstra,       1320936,    a8,        100
                          base,    1024,        all, RESULT,                      hist,        682006,    90,        100
                          base,    1024,        all, RESULT,                    matmul,       2922862,    45,        100
                          base,    1024,        all, RESULT,                 qsort_u32,       9318374,    12,        100
                          base,    1024,        all, RESULT,                 qsort_u64,       2869114,    12,        100
                          base,    1024,        all, RESULT,                 radixsort,      10203454,    92,        100
                          base,    1280,        all, RESULT,             binsearch_u64,         27760,    8d,        100
                          base,    1280,        all, RESULT,                  dijkstra,       1685312,    56,        100
                          base,    1280,        all, RESULT,                      hist,        850244,    d5,        100
                          base,    1280,        all, RESULT,                    matmul,       3844508,    84,        100
                          base,    1280,        all, RESULT,                 qsort_u32,       9524084,    ed,        100
                          base,    1280,        all, RESULT,                 qsort_u64,       3741514,    6d,        100
                          base,    1280,        all, RESULT,                 radixsort,       9529520,    6d,        100
                          base,    1536,        all, RESULT,             binsearch_u64,         30774,    1e,        100
                          base,    1536,        all, RESULT,                  dijkstra,       2260640,    bd,        100
                          base,    1536,        all, RESULT,                      hist,       1123562,    86,        100
                          base,    1536,        all, RESULT,                    matmul,       5590398,    90,        100
                          base,    1536,        all, RESULT,                 qsort_u32,      11638094,    25,        100
                          base,    1536,        all, RESULT,                 qsort_u64,       5174018,    25,        100
                          base,    1536,        all, RESULT,                 radixsort,       9099366,    25,        100
                          base,    1792,        all, RESULT,             binsearch_u64,         29004,    57,        100
                          base,    1792,        all, RESULT,                  dijkstra,       2533728,    40,        100
                          base,    1792,        all, RESULT,                      hist,       1198350,    10,        100
                          base,    1792,        all, RESULT,                    matmul,       6875512,    8d,        100
                          base,    1792,        all, RESULT,                 qsort_u32,      12468122,    9a,        100
                          base,    1792,        all, RESULT,                 qsort_u64,       5487120,    9a,        100
                          base,    1792,        all, RESULT,                 radixsort,      10466770,    1a,        100
                          base,    2048,        all, RESULT,             binsearch_u64,         42898,    f2,        100
                          base,    2048,        all, RESULT,                  dijkstra,       4031724,    8a,        100
                          base,    2048,        all, RESULT,                      hist,       1283500,    80,        100
                          base,    2048,        all, RESULT,                    matmul,       7918432,    6b,        100
                          base,    2048,        all, RESULT,                 qsort_u32,      15921188,    ea,        100
                          base,    2048,        all, RESULT,                 qsort_u64,       6204864,    6a,        100
                          base,    2048,        all, RESULT,                 radixsort,      12359472,    ea,        100
                          base,    2560,        all, RESULT,             binsearch_u64,         49366,    2d,        100
                          base,    2560,        all, RESULT,                  dijkstra,       4585358,    4a,        100
                          base,    2560,        all, RESULT,                      hist,       1678158,    7c,        100
                          base,    2560,        all, RESULT,                    matmul,       9672808,    f1,        100
                          base,    2560,        all, RESULT,                 qsort_u32,      19008762,    a5,        100
                          base,    2560,        all, RESULT,                 qsort_u64,       6179860,    a5,        100
                          base,    2560,        all, RESULT,                 radixsort,      14939608,    25,        100
                          base,    3072,        all, RESULT,             binsearch_u64,         31714,    ba,        100
                          base,    3072,        all, RESULT,                  dijkstra,       4182762,    c2,        100
                          base,    3072,        all, RESULT,                      hist,       1975412,    23,        100
                          base,    3072,        all, RESULT,                    matmul,       8152504,    7e,        100
                          base,    3072,        all, RESULT,                 qsort_u32,      19933598,    82,        100
                          base,    3072,        all, RESULT,                 qsort_u64,       7720350,    82,        100
                          base,    3072,        all, RESULT,                 radixsort,      17970092,    82,        100
                          base,    3584,        all, RESULT,             binsearch_u64,         31848,    42,        100
                          base,    3584,        all, RESULT,                  dijkstra,       4853518,    15,        100
                          base,    3584,        all, RESULT,                      hist,       1946218,    f4,        100
                          base,    3584,        all, RESULT,                    matmul,      11503060,    b4,        100
                          base,    3584,        all, RESULT,                 qsort_u32,      21577868,    52,        100
                          base,    3584,        all, RESULT,                 qsort_u64,       9288926,    52,        100
                          base,    3584,        all, RESULT,                 radixsort,      20939044,    d2,        100
                          base,    4096,        all, RESULT,             binsearch_u64,         21740,    a0,        100
                          base,    4096,        all, RESULT,                  dijkstra,       3603128,    d0,        100
                          base,    4096,        all, RESULT,                      hist,       1765114,    98,        100
                          base,    4096,        all, RESULT,                    matmul,      10507060,    f3,        100
                          base,    4096,        all, RESULT,                 qsort_u32,      24148360,    33,        100
                          base,    4096,        all, RESULT,                 qsort_u64,      10792210,    b3,        100
                          base,    4096,        all, RESULT,                 radixsort,      24250268,    33,        100
                          base,    5120,        all, RESULT,             binsearch_u64,         49708,    5c,        100
                          base,    5120,        all, RESULT,                  dijkstra,       8018272,    ba,        100
                          base,    5120,        all, RESULT,                      hist,       2920208,    9e,        100
                          base,    5120,        all, RESULT,                    matmul,      17077990,    8a,        100
                          base,    5120,        all, RESULT,                 qsort_u32,      31565900,    53,        100
                          base,    5120,        all, RESULT,                 qsort_u64,      14048644,    53,        100
                          base,    5120,        all, RESULT,                 radixsort,      29861562,    d3,        100
                          base,    6144,        all, RESULT,             binsearch_u64,         39060,    34,        100
                          base,    6144,        all, RESULT,                  dijkstra,       9169604,    57,        100
                          base,    6144,        all, RESULT,                      hist,       2953902,    eb,        100
                          base,    6144,        all, RESULT,                    matmul,      18155640,     f,        100
                          base,    6144,        all, RESULT,                 qsort_u32,      38215558,    69,        100
                          base,    6144,        all, RESULT,                 qsort_u64,      17263232,    69,        100
                          base,    6144,        all, RESULT,                 radixsort,      35796516,    e9,        100
                          base,    7168,        all, RESULT,             binsearch_u64,         17488,    c8,        100
                          base,    7168,        all, RESULT,                  dijkstra,       6188414,    3f,        100
                          base,    7168,        all, RESULT,                      hist,       2645590,    cd,        100
                          base,    7168,        all, RESULT,                    matmul,      22120390,     3,        100
                          base,    7168,        all, RESULT,                 qsort_u32,      45555868,     3,        100
                          base,    7168,        all, RESULT,                 qsort_u64,      20454648,    83,        100
                          base,    7168,        all, RESULT,                 radixsort,      42221340,     3,        100
                          base,    8192,        all, RESULT,             binsearch_u64,         57988,    e8,        100
                          base,    8192,        all, RESULT,                  dijkstra,      12779504,    f5,        100
                          base,    8192,        all, RESULT,                      hist,       3582616,    96,        100
                          base,    8192,        all, RESULT,                    matmul,      28480820,    6a,        100
                          base,    8192,        all, RESULT,                 qsort_u32,      53020898,    57,        100
                          base,    8192,        all, RESULT,                 qsort_u64,      23895704,    57,        100
                          base,    8192,        all, RESULT,                 radixsort,      47762756,    d7,        100
                          base,   10240,        all, RESULT,             binsearch_u64,         35842,    7c,        100
                          base,   10240,        all, RESULT,                  dijkstra,      12315594,    4a,        100
                          base,   10240,        all, RESULT,                      hist,       3884992,    37,        100
                          base,   10240,        all, RESULT,                    matmul,      37809988,    3c,        100
                          base,   10240,        all, RESULT,                 qsort_u32,      67599644,    e2,        100
                          base,   10240,        all, RESULT,                 qsort_u64,      31030084,    e2,        100
                          base,   10240,        all, RESULT,                 radixsort,      60026556,    e2,        100
                          base,   12288,        all, RESULT,             binsearch_u64,         18404,    68,        100
                          base,   12288,        all, RESULT,                  dijkstra,       8982482,    ad,        100
                          base,   12288,        all, RESULT,                      hist,       3990970,    ac,        100
                          base,   12288,        all, RESULT,                    matmul,      45747336,    4a,        100
                          base,   12288,        all, RESULT,                 qsort_u32,      82965358,    1c,        100
                          base,   12288,        all, RESULT,                 qsort_u64,      37615660,    9c,        100
                          base,   12288,        all, RESULT,                 radixsort,      71601394,    1c,        100
                          base,   14336,        all, RESULT,             binsearch_u64,         25372,    bb,        100
                          base,   14336,        all, RESULT,                  dijkstra,      10609130,    a2,        100
                          base,   14336,        all, RESULT,                      hist,       4562440,    46,        100
                          base,   14336,        all, RESULT,                    matmul,      59475102,    c3,        100
                          base,   14336,        all, RESULT,                 qsort_u32,      99004028,    e7,        100
                          base,   14336,        all, RESULT,                 qsort_u64,      44889456,    67,        100
                          base,   14336,        all, RESULT,                 radixsort,      83518160,    e7,        100
                          base,   16384,        all, RESULT,             binsearch_u64,         38330,    70,        100
                          base,   16384,        all, RESULT,                  dijkstra,      17411310,    85,        100
                          base,   16384,        all, RESULT,                      hist,       5289016,    da,        100
                          base,   16384,        all, RESULT,                    matmul,      70099300,    fb,        100
                          base,   16384,        all, RESULT,                 qsort_u32,     114200580,    ef,        100
                          base,   16384,        all, RESULT,                 qsort_u64,      52588786,    6f,        100
                          base,   16384,        all, RESULT,                 radixsort,      96874372,    6f,        100
                          base,   20480,        all, RESULT,             binsearch_u64,         27446,    79,        100
                          base,   20480,        all, RESULT,                  dijkstra,      16428966,    b4,        100
                          base,   20480,        all, RESULT,                      hist,       6625410,    f6,        100
                          base,   20480,        all, RESULT,                    matmul,     101877410,    d7,        100
                          base,   20480,        all, RESULT,                 qsort_u32,     146962802,     6,        100
                          base,   20480,        all, RESULT,                 qsort_u64,      67630408,    86,        100
                          base,   20480,        all, RESULT,                 radixsort,     119754212,    86,        100
                          base,   24576,        all, RESULT,             binsearch_u64,         40952,    ad,        100
                          base,   24576,        all, RESULT,                  dijkstra,      23095890,    64,        100
                          base,   24576,        all, RESULT,                      hist,       7908024,    65,        100
                          base,   24576,        all, RESULT,                    matmul,     133300888,    60,        100
                          base,   24576,        all, RESULT,                 qsort_u32,     177373460,    d9,        100
                          base,   24576,        all, RESULT,                 qsort_u64,      83091254,    d9,        100
                          base,   24576,        all, RESULT,                 radixsort,     143273292,    59,        100
                          base,   28672,        all, RESULT,             binsearch_u64,         20646,    9d,        100
                          base,   28672,        all, RESULT,                  dijkstra,      20093288,    36,        100
                          base,   28672,        all, RESULT,                      hist,       9284442,    e7,        100
                          base,   28672,        all, RESULT,                    matmul,     161006500,    d5,        100
                          base,   28672,        all, RESULT,                 qsort_u32,     214435228,    59,        100
                          base,   28672,        all, RESULT,                 qsort_u64,      97573134,    59,        100
                          base,   28672,        all, RESULT,                 radixsort,     167092922,    59,        100
                          base,   32768,        all, RESULT,             binsearch_u64,         43528,    c7,        100
                          base,   32768,        all, RESULT,                  dijkstra,      30057158,    19,        100
                          base,   32768,        all, RESULT,                      hist,      10464654,    55,        100
                          base,   32768,        all, RESULT,                    matmul,     203190196,    da,        100
                          base,   32768,        all, RESULT,                 qsort_u32,     248021932,    fd,        100
                          base,   32768,        all, RESULT,                 qsort_u64,     114314686,    fd,        100
                          base,   32768,        all, RESULT,                 radixsort,     191345948,    7d,        100
                          base,   40960,        all, RESULT,             binsearch_u64,         28522,    4f,        100
                          base,   40960,        all, RESULT,                  dijkstra,      29678416,    c5,        100
                          base,   40960,        all, RESULT,                      hist,      13186522,    ab,        100
                          base,   40960,        all, RESULT,                    matmul,     279223844,    4a,        100
                          base,   40960,        all, RESULT,                 qsort_u32,     317253914,    80,        100
                          base,   40960,        all, RESULT,                 qsort_u64,     146709776,    80,        100
                          base,   40960,        all, RESULT,                 radixsort,     239497156,     0,        100
                          base,   49152,        all, RESULT,             binsearch_u64,         29804,    1f,        100
                          base,   49152,        all, RESULT,                  dijkstra,      33716972,    38,        100
                          base,   49152,        all, RESULT,                      hist,      15921474,    25,        100
                          base,   49152,        all, RESULT,                    matmul,     355756106,    43,        100
                          base,   49152,        all, RESULT,                 qsort_u32,     388045246,    19,        100
                          base,   49152,        all, RESULT,                 qsort_u64,     180081580,    19,        100
                          base,   49152,        all, RESULT,                 radixsort,     290335506,    19,        100
                          base,   57344,        all, RESULT,             binsearch_u64,         22642,    42,        100
                          base,   57344,        all, RESULT,                  dijkstra,      40195086,    a0,        100
                          base,   57344,        all, RESULT,                      hist,      18603100,    ff,        100
                          base,   57344,        all, RESULT,                    matmul,     463747366,    45,        100
                          base,   57344,        all, RESULT,                 qsort_u32,     460078022,    e2,        100
                          base,   57344,        all, RESULT,                 qsort_u64,     212648536,    62,        100
                          base,   57344,        all, RESULT,                 radixsort,     335900238,    62,        100
                           aes,     512,        all, RESULT,             binsearch_u64,         51690,    41,        100
                           aes,     512,        all, RESULT,                  dijkstra,       4584572,    f5,        100
                           aes,     512,        all, RESULT,                      hist,       2603206,    57,        100
                           aes,     512,        all, RESULT,                    matmul,      10751324,    83,        100
                           aes,     512,        all, RESULT,                 qsort_u32,      28077464,    b9,        100
                           aes,     512,        all, RESULT,                 qsort_u64,       9443172,    b9,        100
                           aes,     512,        all, RESULT,                 radixsort,      32853724,    b9,        100
                           aes,     640,        all, RESULT,             binsearch_u64,         56750,    43,        100
                           aes,     640,        all, RESULT,                  dijkstra,       5502888,    d6,        100
                           aes,     640,        all, RESULT,                      hist,       3211474,    cd,        100
                           aes,     640,        all, RESULT,                    matmul,      15934286,    1b,        100
                           aes,     640,        all, RESULT,                 qsort_u32,      36840382,    2d,        100
                           aes,     640,        all, RESULT,                 qsort_u64,      12524082,    ad,        100
                           aes,     640,        all, RESULT,                 radixsort,      41224148,    ad,        100
                           aes,     768,        all, RESULT,             binsearch_u64,         58198,    36,        100
                           aes,     768,        all, RESULT,                  dijkstra,       6455238,    14,        100
                           aes,     768,        all, RESULT,                      hist,       3857718,    83,        100
                           aes,     768,        all, RESULT,                    matmul,      15926636,    81,        100
                           aes,     768,        all, RESULT,                 qsort_u32,      45619676,    b8,        100
                           aes,     768,        all, RESULT,                 qsort_u64,      15513778,    38,        100
                           aes,     768,        all, RESULT,                 radixsort,      49519784,    38,        100
                           aes,     896,        all, RESULT,             binsearch_u64,         60234,    43,        100
                           aes,     896,        all, RESULT,                  dijkstra,       7463748,    a0,        100
                           aes,     896,        all, RESULT,                      hist,       4507764,    57,        100
                           aes,     896,        all, RESULT,                    matmul,      22539724,    71,        100
                           aes,     896,        all, RESULT,                 qsort_u32,      55628878,    45,        100
                           aes,     896,        all, RESULT,                 qsort_u64,      19169192,    c5,        100
                           aes,     896,        all, RESULT,                 radixsort,      57818900,    45,        100
                           aes,    1024,        all, RESULT,             binsearch_u64,         58490,    39,        100
                           aes,    1024,        all, RESULT,                  dijkstra,       8680616,    56,        100
                           aes,    1024,        all, RESULT,                      hist,       5160732,    6e,        100
                           aes,    1024,        all, RESULT,                    matmul,      30738746,    45,        100
                           aes,    1024,        all, RESULT,                 qsort_u32,      65110804,    12,        100
                           aes,    1024,        all, RESULT,                 qsort_u64,      22239586,    12,        100
                           aes,    1024,        all, RESULT,                 radixsort,      66119658,    92,        100
                           aes,    1280,        all, RESULT,             binsearch_u64,         64266,    8d,        100
                           aes,    1280,        all, RESULT,                  dijkstra,      11159026,     0,        100
                           aes,    1280,        all, RESULT,                      hist,       6460400,    83,        100
                           aes,    1280,        all, RESULT,                    matmul,      40733266,    84,        100
                           aes,    1280,        all, RESULT,                 qsort_u32,      83817214,    ed,        100
                           aes,    1280,        all, RESULT,                 qsort_u64,      29363462,    6d,        100
                           aes,    1280,        all, RESULT,                 radixsort,      82784118,    6d,        100
                           aes,    1536,        all, RESULT,             binsearch_u64,         67748,    1e,        100
                           aes,    1536,        all, RESULT,                  dijkstra,      13870548,    2a,        100
                           aes,    1536,        all, RESULT,                      hist,       7755512,    11,        100
                           aes,    1536,        all, RESULT,                    matmul,      52728086,    90,        100
                           aes,    1536,        all, RESULT,                 qsort_u32,     105143386,    25,        100
                           aes,    1536,        all, RESULT,                 qsort_u64,      36596750,    25,        100
                           aes,    1536,        all, RESULT,                 radixsort,      99530330,    25,        100
                           aes,    1792,        all, RESULT,             binsearch_u64,         67600,    57,        100
                           aes,    1792,        all, RESULT,                  dijkstra,      16987282,    66,        100
                           aes,    1792,        all, RESULT,                      hist,       9063790,    36,        100
                           aes,    1792,        all, RESULT,                    matmul,      66847032,    8d,        100
                           aes,    1792,        all, RESULT,                 qsort_u32,     125331608,    9a,        100
                           aes,    1792,        all, RESULT,                 qsort_u64,      44689974,    9a,        100
                           aes,    1792,        all, RESULT,                 radixsort,     116121306,    1a,        100
                           aes,    2048,        all, RESULT,             binsearch_u64,         69246,    f2,        100
                           aes,    2048,        all, RESULT,                  dijkstra,      18790574,    db,        100
                           aes,    2048,        all, RESULT,                      hist,      10373748,    d1,        100
                           aes,    2048,        all, RESULT,                    matmul,      83267434,    6b,        100
                           aes,    2048,        all, RESULT,                 qsort_u32,     148574396,    ea,        100
                           aes,    2048,        all, RESULT,                 qsort_u64,      51810304,    6a,        100
                           aes,    2048,        all, RESULT,                 radixsort,     132721286,    ea,        100
                           aes,    2560,        all, RESULT,             binsearch_u64,         71636,    2d,        100
                           aes,    2560,        all, RESULT,                  dijkstra,      24210408,    e3,        100
                           aes,    2560,        all, RESULT,                      hist,      12957722,    d5,        100
                           aes,    2560,        all, RESULT,                    matmul,     102465148,    f1,        100
                           aes,    2560,        all, RESULT,                 qsort_u32,     195942778,    a5,        100
                           aes,    2560,        all, RESULT,                 qsort_u64,      66482194,    a5,        100
                           aes,    2560,        all, RESULT,                 radixsort,     166044354,    25,        100
                           aes,    3072,        all, RESULT,             binsearch_u64,         74534,    ba,        100
                           aes,    3072,        all, RESULT,                  dijkstra,      28238776,    85,        100
                           aes,    3072,        all, RESULT,                      hist,      15536792,    64,        100
                           aes,    3072,        all, RESULT,                    matmul,     123816438,    7e,        100
                           aes,    3072,        all, RESULT,                 qsort_u32,     238485728,    82,        100
                           aes,    3072,        all, RESULT,                 qsort_u64,      83595728,    82,        100
                           aes,    3072,        all, RESULT,                 radixsort,     199304940,    82,        100
                           aes,    3584,        all, RESULT,             binsearch_u64,         73972,    42,        100
                           aes,    3584,        all, RESULT,                  dijkstra,      32820506,    f5,        100
                           aes,    3584,        all, RESULT,                      hist,      18161650,    14,        100
                           aes,    3584,        all, RESULT,                    matmul,     175719390,    b4,        100
                           aes,    3584,        all, RESULT,                 qsort_u32,     283468828,    52,        100
                           aes,    3584,        all, RESULT,                 qsort_u64,     100915920,    52,        100
                           aes,    3584,        all, RESULT,                 radixsort,     232865968,    d2,        100
                           aes,    4096,        all, RESULT,             binsearch_u64,         76398,    a0,        100
                           aes,    4096,        all, RESULT,                  dijkstra,      37325714,    d0,        100
                           aes,    4096,        all, RESULT,                      hist,      20761136,    98,        100
                           aes,    4096,        all, RESULT,                    matmul,     206349960,    f3,        100
                           aes,    4096,        all, RESULT,                 qsort_u32,     335024238,    33,        100
                           aes,    4096,        all, RESULT,                 qsort_u64,     117065634,    b3,        100
                           aes,    4096,        all, RESULT,                 radixsort,     266072590,    33,        100
                           aes,    5120,        all, RESULT,             binsearch_u64,         82588,    5c,        100
                           aes,    5120,        all, RESULT,                  dijkstra,      47698874,    b5,        100
                           aes,    5120,        all, RESULT,                      hist,      25978452,    91,        100
                           aes,    5120,        all, RESULT,                    matmul,     278047574,    8a,        100
                           aes,    5120,        all, RESULT,                 qsort_u32,     436386592,    53,        100
                           aes,    5120,        all, RESULT,                 qsort_u64,     154385478,    53,        100
                           aes,    5120,        all, RESULT,                 radixsort,     332426982,    d3,        100
                           aes,    6144,        all, RESULT,             binsearch_u64,         84678,    34,        100
                           aes,    6144,        all, RESULT,                  dijkstra,      59426008,    71,        100
                           aes,    6144,        all, RESULT,                      hist,      31158520,    cd,        100
                           aes,    6144,        all, RESULT,                    matmul,     364702868,     f,        100
                           aes,    6144,        all, RESULT,                 qsort_u32,     536108660,    69,        100
                           aes,    6144,        all, RESULT,                 qsort_u64,     190562650,    69,        100
                           aes,    6144,        all, RESULT,                 radixsort,     398974536,    e9,        100
                           aes,    7168,        all, RESULT,             binsearch_u64,         86406,    c8,        100
                           aes,    7168,        all, RESULT,                  dijkstra,      68938662,    51,        100
                           aes,    7168,        all, RESULT,                      hist,      36434628,    a3,        100
                           aes,    7168,        all, RESULT,                    matmul,     467357972,     3,        100
                           aes,    7168,        all, RESULT,                 qsort_u32,     647804444,     3,        100
                           aes,    7168,        all, RESULT,                 qsort_u64,     226819626,    83,        100
                           aes,    7168,        all, RESULT,                 radixsort,     467288386,     3,        100
                           aes,    8192,        all, RESULT,             binsearch_u64,         85058,    e8,        100
                           aes,    8192,        all, RESULT,                  dijkstra,      79256476,    64,        100
                           aes,    8192,        all, RESULT,                      hist,      41548358,     7,        100
                           aes,    8192,        all, RESULT,                    matmul,     588080564,    6a,        100
                           aes,    8192,        all, RESULT,                 qsort_u32,     747486390,    57,        100
                           aes,    8192,        all, RESULT,                 qsort_u64,     264901586,    57,        100
                           aes,    8192,        all, RESULT,                 radixsort,     532785208,    d7,        100
                           aes,   10240,        all, RESULT,             binsearch_u64,         89000,    7c,        100
                           aes,   10240,        all, RESULT,                  dijkstra,      97563004,    bb,        100
                           aes,   10240,        all, RESULT,                      hist,      51931230,    c6,        100
                           aes,   10240,        all, RESULT,                    matmul,     805251138,    3c,        100
                           aes,   10240,        all, RESULT,                 qsort_u32,     953010596,    e2,        100
                           aes,   10240,        all, RESULT,                 qsort_u64,     346571440,    e2,        100
                           aes,   10240,        all, RESULT,                 radixsort,     665121044,    e2,        100
                           aes,   12288,        all, RESULT,             binsearch_u64,         94002,    68,        100
                           aes,   12288,        all, RESULT,                  dijkstra,     118476192,    ef,        100
                           aes,   12288,        all, RESULT,                      hist,      62336322,    ee,        100
                           aes,   12288,        all, RESULT,                    matmul,     976718228,    4a,        100
                           aes,   12288,        all, RESULT,                 qsort_u32,    1175878982,    1c,        100
                           aes,   12288,        all, RESULT,                 qsort_u64,     418122630,    9c,        100
                           aes,   12288,        all, RESULT,                 radixsort,     799292440,    1c,        100
                           aes,   14336,        all, RESULT,             binsearch_u64,         92700,    bb,        100
                           aes,   14336,        all, RESULT,                  dijkstra,     136210262,    cd,        100
                           aes,   14336,        all, RESULT,                      hist,      72714618,    29,        100
                           aes,   14336,        all, RESULT,                    matmul,    1276157276,    c3,        100
                           aes,   14336,        all, RESULT,                 qsort_u32,    1406152322,    e7,        100
                           aes,   14336,        all, RESULT,                 qsort_u64,     497878124,    67,        100
                           aes,   14336,        all, RESULT,                 radixsort,     932186374,    e7,        100
                           aes,   16384,        all, RESULT,             binsearch_u64,         95556,    70,        100
                           aes,   16384,        all, RESULT,                  dijkstra,     155564740,    85,        100
                           aes,   16384,        all, RESULT,                      hist,      83146916,    da,        100
                           aes,   16384,        all, RESULT,                    matmul,    1506268794,    fb,        100
                           aes,   16384,        all, RESULT,                 qsort_u32,    1622513634,    ef,        100
                           aes,   16384,        all, RESULT,                 qsort_u64,     590429854,    6f,        100
                           aes,   16384,        all, RESULT,                 radixsort,    1065681942,    6f,        100
                           aes,   20480,        all, RESULT,             binsearch_u64,        100730,    79,        100
                           aes,   20480,        all, RESULT,                  dijkstra,     197766642,    ee,        100
                           aes,   20480,        all, RESULT,                      hist,     103893352,    ac,        100
                           aes,   20480,        all, RESULT,                    matmul,    2200212340,    d7,        100
                           aes,   20480,        all, RESULT,                 qsort_u32,    2092297084,     6,        100
                           aes,   20480,        all, RESULT,                 qsort_u64,     762217504,    86,        100
                           aes,   20480,        all, RESULT,                 radixsort,    1330763356,    86,        100
                           aes,   24576,        all, RESULT,             binsearch_u64,         98546,    ad,        100
                           aes,   24576,        all, RESULT,                  dijkstra,     238504876,    69,        100
                           aes,   24576,        all, RESULT,                      hist,     124743040,    68,        100
                           aes,   24576,        all, RESULT,                    matmul,    2888128154,    60,        100
                           aes,   24576,        all, RESULT,                 qsort_u32,    2505878748,    d9,        100
                           aes,   24576,        all, RESULT,                 qsort_u64,     938981332,    d9,        100
                           aes,   24576,        all, RESULT,                 radixsort,    1598208628,    59,        100
                           aes,   28672,        all, RESULT,             binsearch_u64,        105606,    9d,        100
                           aes,   28672,        all, RESULT,                  dijkstra,     277230210,    60,        100
                           aes,   28672,        all, RESULT,                      hist,     152446988,    b1,        100
                           aes,   28672,        all, RESULT,                    matmul,    3507280358,    d5,        100
                           aes,   28672,        all, RESULT,                 qsort_u32,    3089203792,    59,        100
                           aes,   28672,        all, RESULT,                 qsort_u64,    1101868942,    59,        100
                           aes,   28672,        all, RESULT,                 radixsort,    1871143332,    59,        100
                           aes,   32768,        all, RESULT,             binsearch_u64,        104482,    c7,        100
                           aes,   32768,        all, RESULT,                  dijkstra,     318256528,    9a,        100
                           aes,   32768,        all, RESULT,                      hist,     166274058,    d6,        100
                           aes,   32768,        all, RESULT,                    matmul,    4410953550,    da,        100
                           aes,   32768,        all, RESULT,                 qsort_u32,    3549686120,    fd,        100
                           aes,   32768,        all, RESULT,                 qsort_u64,    1293005184,    fd,        100
                           aes,   32768,        all, RESULT,                 radixsort,    2129691148,    7d,        100
                           aes,   40960,        all, RESULT,             binsearch_u64,        105738,    4f,        100
                           aes,   40960,        all, RESULT,                  dijkstra,     400928452,    b6,        100
                           aes,   40960,        all, RESULT,                      hist,     207924938,    d8,        100
                           aes,   40960,        all, RESULT,                    matmul,    6090600382,    4a,        100
                           aes,   40960,        all, RESULT,                 qsort_u32,    4570183404,    80,        100
                           aes,   40960,        all, RESULT,                 qsort_u64,    1671828634,    80,        100
                           aes,   40960,        all, RESULT,                 radixsort,    2672438374,     0,        100
                           aes,   49152,        all, RESULT,             binsearch_u64,        113238,    1f,        100
                           aes,   49152,        all, RESULT,                  dijkstra,     475724554,    a6,        100
                           aes,   49152,        all, RESULT,                      hist,     249433680,    bb,        100
                           aes,   49152,        all, RESULT,                    matmul,    7759351874,    43,        100
                           aes,   49152,        all, RESULT,                 qsort_u32,    5571478096,    19,        100
                           aes,   49152,        all, RESULT,                 qsort_u64,    2049143428,    19,        100
                           aes,   49152,        all, RESULT,                 radixsort,    3194825154,    19,        100
                           aes,   57344,        all, RESULT,             binsearch_u64,        112774,    42,        100
                           aes,   57344,        all, RESULT,                  dijkstra,     556939968,    1f,        100
                           aes,   57344,        all, RESULT,                      hist,     291210426,    40,        100
                           aes,   57344,        all, RESULT,                    matmul,   10144063014,    45,        100
                           aes,   57344,        all, RESULT,                 qsort_u32,    6621749606,    e2,        100
                           aes,   57344,        all, RESULT,                 qsort_u64,    2407384410,    62,        100
                           aes,   57344,        all, RESULT,                 radixsort,    3728125982,    62,        100
         page6_rasm_indjmp_aes,     512,        all, RESULT,             binsearch_u64,         32200,    41,        100
         page6_rasm_indjmp_aes,     512,        all, RESULT,                  dijkstra,       2322322,    ba,        100
         page6_rasm_indjmp_aes,     512,        all, RESULT,                      hist,       1370512,    18,        100
         page6_rasm_indjmp_aes,     512,        all, RESULT,                    matmul,       4151466,    83,        100
         page6_rasm_indjmp_aes,     512,        all, RESULT,                 qsort_u32,      12164906,    b9,        100
         page6_rasm_indjmp_aes,     512,        all, RESULT,                 qsort_u64,       3950632,    b9,        100
         page6_rasm_indjmp_aes,     512,        all, RESULT,                 radixsort,      14754392,    b9,        100
         page6_rasm_indjmp_aes,     640,        all, RESULT,             binsearch_u64,         31752,    43,        100
         page6_rasm_indjmp_aes,     640,        all, RESULT,                  dijkstra,       2516520,    e1,        100
         page6_rasm_indjmp_aes,     640,        all, RESULT,                      hist,       1580682,    fa,        100
         page6_rasm_indjmp_aes,     640,        all, RESULT,                    matmul,       6000166,    1b,        100
         page6_rasm_indjmp_aes,     640,        all, RESULT,                 qsort_u32,      16038464,    2d,        100
         page6_rasm_indjmp_aes,     640,        all, RESULT,                 qsort_u64,       5276118,    ad,        100
         page6_rasm_indjmp_aes,     640,        all, RESULT,                 radixsort,      18510404,    ad,        100
         page6_rasm_indjmp_aes,     768,        all, RESULT,             binsearch_u64,         38908,    36,        100
         page6_rasm_indjmp_aes,     768,        all, RESULT,                  dijkstra,       3070260,    a7,        100
         page6_rasm_indjmp_aes,     768,        all, RESULT,                      hist,       1907900,    30,        100
         page6_rasm_indjmp_aes,     768,        all, RESULT,                    matmul,       5989954,    81,        100
         page6_rasm_indjmp_aes,     768,        all, RESULT,                 qsort_u32,      19876518,    b8,        100
         page6_rasm_indjmp_aes,     768,        all, RESULT,                 qsort_u64,       6586582,    38,        100
         page6_rasm_indjmp_aes,     768,        all, RESULT,                 radixsort,      22187752,    38,        100
         page6_rasm_indjmp_aes,     896,        all, RESULT,             binsearch_u64,         39560,    43,        100
         page6_rasm_indjmp_aes,     896,        all, RESULT,                  dijkstra,       3800780,    5e,        100
         page6_rasm_indjmp_aes,     896,        all, RESULT,                      hist,       2243558,    a9,        100
         page6_rasm_indjmp_aes,     896,        all, RESULT,                    matmul,       8462954,    71,        100
         page6_rasm_indjmp_aes,     896,        all, RESULT,                 qsort_u32,      24177822,    45,        100
         page6_rasm_indjmp_aes,     896,        all, RESULT,                 qsort_u64,       8093628,    c5,        100
         page6_rasm_indjmp_aes,     896,        all, RESULT,                 radixsort,      25927542,    45,        100
         page6_rasm_indjmp_aes,    1024,        all, RESULT,             binsearch_u64,         36722,    39,        100
         page6_rasm_indjmp_aes,    1024,        all, RESULT,                  dijkstra,       4211846,    a8,        100
         page6_rasm_indjmp_aes,    1024,        all, RESULT,                      hist,       2587436,    90,        100
         page6_rasm_indjmp_aes,    1024,        all, RESULT,                    matmul,      11488012,    45,        100
         page6_rasm_indjmp_aes,    1024,        all, RESULT,                 qsort_u32,      28388272,    12,        100
         page6_rasm_indjmp_aes,    1024,        all, RESULT,                 qsort_u64,       9422246,    12,        100
         page6_rasm_indjmp_aes,    1024,        all, RESULT,                 radixsort,      29642438,    92,        100
         page6_rasm_indjmp_aes,    1280,        all, RESULT,             binsearch_u64,         41546,    8d,        100
         page6_rasm_indjmp_aes,    1280,        all, RESULT,                  dijkstra,       5262748,    56,        100
         page6_rasm_indjmp_aes,    1280,        all, RESULT,                      hist,       3233800,    d5,        100
         page6_rasm_indjmp_aes,    1280,        all, RESULT,                    matmul,      15215366,    84,        100
         page6_rasm_indjmp_aes,    1280,        all, RESULT,                 qsort_u32,      36626796,    ed,        100
         page6_rasm_indjmp_aes,    1280,        all, RESULT,                 qsort_u64,      12471852,    6d,        100
         page6_rasm_indjmp_aes,    1280,        all, RESULT,                 radixsort,      37081152,    6d,        100
         page6_rasm_indjmp_aes,    1536,        all, RESULT,             binsearch_u64,         37818,    1e,        100
         page6_rasm_indjmp_aes,    1536,        all, RESULT,                  dijkstra,       6383434,    bd,        100
         page6_rasm_indjmp_aes,    1536,        all, RESULT,                      hist,       5724058,    86,        100
         page6_rasm_indjmp_aes,    1536,        all, RESULT,                    matmul,      21371024,    90,        100
         page6_rasm_indjmp_aes,    1536,        all, RESULT,                 qsort_u32,      52903130,    25,        100
         page6_rasm_indjmp_aes,    1536,        all, RESULT,                 qsort_u64,      22661800,    25,        100
         page6_rasm_indjmp_aes,    1536,        all, RESULT,                 radixsort,     115232932,    25,        100
         page6_rasm_indjmp_aes,    1792,        all, RESULT,             binsearch_u64,         75492,    57,        100
         page6_rasm_indjmp_aes,    1792,        all, RESULT,                  dijkstra,       7919060,    f5,        100
         page6_rasm_indjmp_aes,    1792,        all, RESULT,                      hist,       8496054,    a5,        100
         page6_rasm_indjmp_aes,    1792,        all, RESULT,                    matmul,      28875682,    8d,        100
         page6_rasm_indjmp_aes,    1792,        all, RESULT,                 qsort_u32,      64714436,    9a,        100
         page6_rasm_indjmp_aes,    1792,        all, RESULT,                 qsort_u64,      28900808,    9a,        100
         page6_rasm_indjmp_aes,    1792,        all, RESULT,                 radixsort,     134403646,    1a,        100
         page6_rasm_indjmp_aes,    2048,        all, RESULT,             binsearch_u64,        160922,    f2,        100
         page6_rasm_indjmp_aes,    2048,        all, RESULT,                  dijkstra,       9171216,    e3,        100
         page6_rasm_indjmp_aes,    2048,        all, RESULT,                      hist,       9739892,    e9,        100
         page6_rasm_indjmp_aes,    2048,        all, RESULT,                    matmul,      36513914,    6b,        100
         page6_rasm_indjmp_aes,    2048,        all, RESULT,                 qsort_u32,      77640818,    ea,        100
         page6_rasm_indjmp_aes,    2048,        all, RESULT,                 qsort_u64,      35201796,    6a,        100
         page6_rasm_indjmp_aes,    2048,        all, RESULT,                 radixsort,     153755370,    ea,        100
         page6_rasm_indjmp_aes,    2560,        all, RESULT,             binsearch_u64,        215772,    2d,        100
         page6_rasm_indjmp_aes,    2560,        all, RESULT,                  dijkstra,      11387644,    4a,        100
         page6_rasm_indjmp_aes,    2560,        all, RESULT,                      hist,      12202186,    7c,        100
         page6_rasm_indjmp_aes,    2560,        all, RESULT,                    matmul,      46546460,    f1,        100
         page6_rasm_indjmp_aes,    2560,        all, RESULT,                 qsort_u32,     103711204,    a5,        100
         page6_rasm_indjmp_aes,    2560,        all, RESULT,                 qsort_u64,      46981146,    a5,        100
         page6_rasm_indjmp_aes,    2560,        all, RESULT,                 radixsort,     192923112,    25,        100
         page6_rasm_indjmp_aes,    3072,        all, RESULT,             binsearch_u64,        255936,    ba,        100
         page6_rasm_indjmp_aes,    3072,        all, RESULT,                  dijkstra,      16053246,    c2,        100
         page6_rasm_indjmp_aes,    3072,        all, RESULT,                      hist,      25511356,    23,        100
         page6_rasm_indjmp_aes,    3072,        all, RESULT,                    matmul,      64529202,    7e,        100
         page6_rasm_indjmp_aes,    3072,        all, RESULT,                 qsort_u32,     128171782,    82,        100
         page6_rasm_indjmp_aes,    3072,        all, RESULT,                 qsort_u64,      59182764,    82,        100
         page6_rasm_indjmp_aes,    3072,        all, RESULT,                 radixsort,     263484724,    82,        100
         page6_rasm_indjmp_aes,    3584,        all, RESULT,             binsearch_u64,        289980,    42,        100
         page6_rasm_indjmp_aes,    3584,        all, RESULT,                  dijkstra,      15330492,    15,        100
         page6_rasm_indjmp_aes,    3584,        all, RESULT,                      hist,      34463114,    f4,        100
         page6_rasm_indjmp_aes,    3584,        all, RESULT,                    matmul,     430506730,    b4,        100
         page6_rasm_indjmp_aes,    3584,        all, RESULT,                 qsort_u32,     154868362,    52,        100
         page6_rasm_indjmp_aes,    3584,        all, RESULT,                 qsort_u64,      74290088,    52,        100
         page6_rasm_indjmp_aes,    3584,        all, RESULT,                 radixsort,     299438754,    d2,        100
         page6_rasm_indjmp_aes,    4096,        all, RESULT,             binsearch_u64,        334892,    a0,        100
         page6_rasm_indjmp_aes,    4096,        all, RESULT,                  dijkstra,      17337452,    d0,        100
         page6_rasm_indjmp_aes,    4096,        all, RESULT,                      hist,      46146872,    98,        100
         page6_rasm_indjmp_aes,    4096,        all, RESULT,                    matmul,     547948358,    f3,        100
         page6_rasm_indjmp_aes,    4096,        all, RESULT,                 qsort_u32,     183606500,    33,        100
         page6_rasm_indjmp_aes,    4096,        all, RESULT,                 qsort_u64,      87278900,    b3,        100
         page6_rasm_indjmp_aes,    4096,        all, RESULT,                 radixsort,     339464654,    33,        100
         page6_rasm_indjmp_aes,    5120,        all, RESULT,             binsearch_u64,        348072,    5c,        100
         page6_rasm_indjmp_aes,    5120,        all, RESULT,                  dijkstra,      22155692,    ba,        100
         page6_rasm_indjmp_aes,    5120,        all, RESULT,                      hist,      73655404,    9e,        100
         page6_rasm_indjmp_aes,    5120,        all, RESULT,                    matmul,    1654120554,    8a,        100
         page6_rasm_indjmp_aes,    5120,        all, RESULT,                 qsort_u32,     244609596,    53,        100
         page6_rasm_indjmp_aes,    5120,        all, RESULT,                 qsort_u64,     119493902,    53,        100
         page6_rasm_indjmp_aes,    5120,        all, RESULT,                 radixsort,     449371338,    d3,        100
         page6_rasm_indjmp_aes,    6144,        all, RESULT,             binsearch_u64,        429372,    34,        100
         page6_rasm_indjmp_aes,    6144,        all, RESULT,                  dijkstra,      27478536,    53,        100
         page6_rasm_indjmp_aes,    6144,        all, RESULT,                      hist,     104423606,    ef,        100
         page6_rasm_indjmp_aes,    6144,        all, RESULT,                    matmul,    2231597182,     f,        100
         page6_rasm_indjmp_aes,    6144,        all, RESULT,                 qsort_u32,     310145472,    69,        100
         page6_rasm_indjmp_aes,    6144,        all, RESULT,                 qsort_u64,     158872968,    69,        100
         page6_rasm_indjmp_aes,    6144,        all, RESULT,                 radixsort,     577180728,    e9,        100
         page6_rasm_indjmp_aes,    7168,        all, RESULT,             binsearch_u64,        592124,    c8,        100
         page6_rasm_indjmp_aes,    7168,        all, RESULT,                  dijkstra,      31571082,    3f,        100
         page6_rasm_indjmp_aes,    7168,        all, RESULT,                      hist,     128639814,    cd,        100
         page6_rasm_indjmp_aes,    7168,        all, RESULT,                    matmul,    2861465580,     3,        100
         page6_rasm_indjmp_aes,    7168,        all, RESULT,                 qsort_u32,     379684214,     3,        100
         page6_rasm_indjmp_aes,    7168,        all, RESULT,                 qsort_u64,     192731746,    83,        100
         page6_rasm_indjmp_aes,    7168,        all, RESULT,                 radixsort,     659955192,     3,        100
         page6_rasm_indjmp_aes,    8192,        all, RESULT,             binsearch_u64,        539896,    e8,        100
         page6_rasm_indjmp_aes,    8192,        all, RESULT,                  dijkstra,      36078628,    f5,        100
         page6_rasm_indjmp_aes,    8192,        all, RESULT,                      hist,     153766420,    96,        100
         page6_rasm_indjmp_aes,    8192,        all, RESULT,                    matmul,    3591883446,    6a,        100
         page6_rasm_indjmp_aes,    8192,        all, RESULT,                 qsort_u32,     452089442,    57,        100
         page6_rasm_indjmp_aes,    8192,        all, RESULT,                 qsort_u64,     234980802,    57,        100
         page6_rasm_indjmp_aes,    8192,        all, RESULT,                 radixsort,     777813978,    d7,        100
         page6_rasm_indjmp_aes,   10240,        all, RESULT,             binsearch_u64,        702910,    7c,        100
         page6_rasm_indjmp_aes,   10240,        all, RESULT,                  dijkstra,      44262644,    ae,        100
         page6_rasm_indjmp_aes,   10240,        all, RESULT,                      hist,     202004862,    d3,        100
         page6_rasm_indjmp_aes,   10240,        all, RESULT,                    matmul,    4935121900,    3c,        100
         page6_rasm_indjmp_aes,   10240,        all, RESULT,                 qsort_u32,     588039904,    e2,        100
         page6_rasm_indjmp_aes,   10240,        all, RESULT,                 qsort_u64,     319641082,    e2,        100
         page6_rasm_indjmp_aes,   10240,        all, RESULT,                 radixsort,     993945036,    e2,        100
         page6_rasm_indjmp_aes,   12288,        all, RESULT,             binsearch_u64,        718920,    68,        100
         page6_rasm_indjmp_aes,   12288,        all, RESULT,                  dijkstra,      66001912,    ad,        100
         page6_rasm_indjmp_aes,   12288,        all, RESULT,                      hist,     260451460,    ac,        100
         page6_rasm_indjmp_aes,   12288,        all, RESULT,                    matmul,    6036169092,    4a,        100
         page6_rasm_indjmp_aes,   12288,        all, RESULT,                 qsort_u32,     732361902,    1c,        100
         page6_rasm_indjmp_aes,   12288,        all, RESULT,                 qsort_u64,     393648610,    9c,        100
         page6_rasm_indjmp_aes,   12288,        all, RESULT,                 radixsort,    1197270708,    1c,        100
         page6_rasm_indjmp_aes,   14336,        all, RESULT,             binsearch_u64,        693296,    bb,        100
         page6_rasm_indjmp_aes,   14336,        all, RESULT,                  dijkstra,      62269930,    a2,        100
         page6_rasm_indjmp_aes,   14336,        all, RESULT,                      hist,     302480174,    46,        100
         page6_rasm_indjmp_aes,   14336,        all, RESULT,                    matmul,    7957556338,    c3,        100
         page6_rasm_indjmp_aes,   14336,        all, RESULT,                 qsort_u32,     886834706,    e7,        100
         page6_rasm_indjmp_aes,   14336,        all, RESULT,                 qsort_u64,     477571594,    67,        100
         page6_rasm_indjmp_aes,   14336,        all, RESULT,                 radixsort,    1419191126,    e7,        100
         page6_rasm_indjmp_aes,   16384,        all, RESULT,             binsearch_u64,        785964,    70,        100
         page6_rasm_indjmp_aes,   16384,        all, RESULT,                  dijkstra,      70108918,    85,        100
         page6_rasm_indjmp_aes,   16384,        all, RESULT,                      hist,     353090202,    da,        100
         page6_rasm_indjmp_aes,   16384,        all, RESULT,                    matmul,    9499503478,    fb,        100
         page6_rasm_indjmp_aes,   16384,        all, RESULT,                 qsort_u32,    1003926126,    ef,        100
         page6_rasm_indjmp_aes,   16384,        all, RESULT,                 qsort_u64,     552335502,    6f,        100
         page6_rasm_indjmp_aes,   16384,        all, RESULT,                 radixsort,    1610802266,    6f,        100
         page6_rasm_indjmp_aes,   20480,        all, RESULT,             binsearch_u64,        840668,    79,        100
         page6_rasm_indjmp_aes,   20480,        all, RESULT,                  dijkstra,      89970616,    b4,        100
         page6_rasm_indjmp_aes,   20480,        all, RESULT,                      hist,     497150364,    f6,        100
         page6_rasm_indjmp_aes,   20480,        all, RESULT,                    matmul,   13889832592,    d7,        100
         page6_rasm_indjmp_aes,   20480,        all, RESULT,                 qsort_u32,    1402608018,     6,        100
         page6_rasm_indjmp_aes,   20480,        all, RESULT,                 qsort_u64,     812158376,    86,        100
         page6_rasm_indjmp_aes,   20480,        all, RESULT,                 radixsort,    2159112252,    86,        100
         page6_rasm_indjmp_aes,   24576,        all, RESULT,             binsearch_u64,        916190,    ad,        100
         page6_rasm_indjmp_aes,   24576,        all, RESULT,                  dijkstra,     211571116,    64,        100
         page6_rasm_indjmp_aes,   24576,        all, RESULT,                      hist,     642725628,    65,        100
         page6_rasm_indjmp_aes,   24576,        all, RESULT,                    matmul,   18329828814,    60,        100
         page6_rasm_indjmp_aes,   24576,        all, RESULT,                 qsort_u32,    1746516500,    d9,        100
         page6_rasm_indjmp_aes,   24576,        all, RESULT,                 qsort_u64,    1077076056,    d9,        100
         page6_rasm_indjmp_aes,   24576,        all, RESULT,                 radixsort,    2677052228,    59,        100
         page6_rasm_indjmp_aes,   28672,        all, RESULT,             binsearch_u64,        988066,    9d,        100
         page6_rasm_indjmp_aes,   28672,        all, RESULT,                  dijkstra,     124208722,    36,        100
         page6_rasm_indjmp_aes,   28672,        all, RESULT,                      hist,     752343216,    e7,        100
         page6_rasm_indjmp_aes,   28672,        all, RESULT,                    matmul,   22543916982,    d5,        100
         page6_rasm_indjmp_aes,   28672,        all, RESULT,                 qsort_u32,    2087138268,    59,        100
         page6_rasm_indjmp_aes,   28672,        all, RESULT,                 qsort_u64,    1197909558,    59,        100
         page6_rasm_indjmp_aes,   28672,        all, RESULT,                 radixsort,    3082459824,    59,        100
         page6_rasm_indjmp_aes,   32768,        all, RESULT,             binsearch_u64,       1013272,    c7,        100
         page6_rasm_indjmp_aes,   32768,        all, RESULT,                  dijkstra,     325872904,    19,        100
         page6_rasm_indjmp_aes,   32768,        all, RESULT,                      hist,     950157720,    55,        100
         page6_rasm_indjmp_aes,   32768,        all, RESULT,                    matmul,   28616101004,    da,        100
         page6_rasm_indjmp_aes,   32768,        all, RESULT,                 qsort_u32,    2684284026,    fd,        100
         page6_rasm_indjmp_aes,   32768,        all, RESULT,                 qsort_u64,    1668025004,    fd,        100
         page6_rasm_indjmp_aes,   32768,        all, RESULT,                 radixsort,    3862941146,    7d,        100
         page6_rasm_indjmp_aes,   40960,        all, RESULT,             binsearch_u64,       1113312,    4f,        100
         page6_rasm_indjmp_aes,   40960,        all, RESULT,                  dijkstra,     580178504,    c5,        100
         page6_rasm_indjmp_aes,   40960,        all, RESULT,                      hist,    1547622728,    ab,        100
         page6_rasm_indjmp_aes,   40960,        all, RESULT,                    matmul,   40027651548,    4a,        100
         page6_rasm_indjmp_aes,   40960,        all, RESULT,                 qsort_u32,    3740720338,    80,        100
         page6_rasm_indjmp_aes,   40960,        all, RESULT,                 qsort_u64,    2450406982,    80,        100
         page6_rasm_indjmp_aes,   40960,        all, RESULT,                 radixsort,    5324565932,     0,        100
         page6_rasm_indjmp_aes,   49152,        all, RESULT,             binsearch_u64,       1251348,    1f,        100
         page6_rasm_indjmp_aes,   49152,        all, RESULT,                  dijkstra,     752656378,    38,        100
         page6_rasm_indjmp_aes,   49152,        all, RESULT,                      hist,    1512259542,    25,        100
         page6_rasm_indjmp_aes,   49152,        all, RESULT,                    matmul,   51436764280,    43,        100
         page6_rasm_indjmp_aes,   49152,        all, RESULT,                 qsort_u32,    4047517372,    19,        100
         page6_rasm_indjmp_aes,   49152,        all, RESULT,                 qsort_u64,    2487112842,    19,        100
         page6_rasm_indjmp_aes,   49152,        all, RESULT,                 radixsort,    5757969262,    19,        100
         page6_rasm_indjmp_aes,   57344,        all, RESULT,             binsearch_u64,       1325226,    42,        100
         page6_rasm_indjmp_aes,   57344,        all, RESULT,                  dijkstra,     765830394,    58,        100
         page6_rasm_indjmp_aes,   57344,        all, RESULT,                      hist,    2021864844,     7,        100
         page6_rasm_indjmp_aes,   57344,        all, RESULT,                    matmul,  129407807580,    45,        100
         page6_rasm_indjmp_aes,   57344,        all, RESULT,                 qsort_u32,   11992344570,    e2,        100
         page6_rasm_indjmp_aes,   57344,        all, RESULT,                 qsort_u64,    9700960492,    62,        100
         page6_rasm_indjmp_aes,   57344,        all, RESULT,                 radixsort,   13765809252,    62,        100
