                   oramB64Z4L1,     512,        mem,      random_load_test_u64,     218921718,    f8,      10000
                   oramB64Z4L1,     512,        mem,     random_store_test_u64,     425057420,    33,      10000
                   oramB64Z4L1,     512,        mem,      linear_load_test_u64,     202060298,    17,      10000
                   oramB64Z4L1,     512,        mem,     linear_store_test_u64,     408146868,    90,      10000
                   oramB64Z4L2,    1024,        mem,      random_load_test_u64,     331949140,    32,      10000
                   oramB64Z4L2,    1024,        mem,     random_store_test_u64,     631864388,    62,      10000
                   oramB64Z4L2,    1024,        mem,      linear_load_test_u64,     301964012,    46,      10000
                   oramB64Z4L2,    1024,        mem,     linear_store_test_u64,     605660510,    87,      10000
                   oramB64Z4L3,    2048,        mem,      random_load_test_u64,     325213218,    c5,      10000
                   oramB64Z4L3,    2048,        mem,     random_store_test_u64,     604493664,    b5,      10000
                   oramB64Z4L3,    2048,        mem,      linear_load_test_u64,     287925810,    8b,      10000
                   oramB64Z4L3,    2048,        mem,     linear_store_test_u64,     567969416,    94,      10000
                   oramB64Z4L4,    4096,        mem,      random_load_test_u64,     369743644,    a3,      10000
                   oramB64Z4L4,    4096,        mem,     random_store_test_u64,     681697066,    c5,      10000
                   oramB64Z4L4,    4096,        mem,      linear_load_test_u64,     315190388,    72,      10000
                   oramB64Z4L4,    4096,        mem,     linear_store_test_u64,     623305666,    cd,      10000
                   oramB64Z4L5,    8192,        mem,      random_load_test_u64,     488257934,    28,      10000
                   oramB64Z4L5,    8192,        mem,     random_store_test_u64,     841625498,    2f,      10000
                   oramB64Z4L5,    8192,        mem,      linear_load_test_u64,     362367698,    c4,      10000
                   oramB64Z4L5,    8192,        mem,     linear_store_test_u64,     706246598,    f4,      10000
             page6_oramB64Z4L1,     512,        mem,      random_load_test_u64,        967982,    f8,      10000
             page6_oramB64Z4L1,     512,        mem,     random_store_test_u64,       2403282,    33,      10000
             page6_oramB64Z4L1,     512,        mem,      linear_load_test_u64,        937962,    17,      10000
             page6_oramB64Z4L1,     512,        mem,     linear_store_test_u64,       2393626,    90,      10000
             page6_oramB64Z4L2,    1024,        mem,      random_load_test_u64,        978936,    32,      10000
             page6_oramB64Z4L2,    1024,        mem,     random_store_test_u64,       2416712,    62,      10000
             page6_oramB64Z4L2,    1024,        mem,      linear_load_test_u64,        950268,    46,      10000
             page6_oramB64Z4L2,    1024,        mem,     linear_store_test_u64,       2395108,    87,      10000
             page6_oramB64Z4L3,    2048,        mem,      random_load_test_u64,      61146796,    c5,      10000
             page6_oramB64Z4L3,    2048,        mem,     random_store_test_u64,      33729332,    b5,      10000
             page6_oramB64Z4L3,    2048,        mem,      linear_load_test_u64,      32572488,    8b,      10000
             page6_oramB64Z4L3,    2048,        mem,     linear_store_test_u64,      32857022,    94,      10000
             page6_oramB64Z4L4,    4096,        mem,      random_load_test_u64,     175918064,    a3,      10000
             page6_oramB64Z4L4,    4096,        mem,     random_store_test_u64,     153526794,    c5,      10000
             page6_oramB64Z4L4,    4096,        mem,      linear_load_test_u64,      34360386,    72,      10000
             page6_oramB64Z4L4,    4096,        mem,     linear_store_test_u64,      34835676,    cd,      10000
             page6_oramB64Z4L5,    8192,        mem,      random_load_test_u64,     261271296,    28,      10000
             page6_oramB64Z4L5,    8192,        mem,     random_store_test_u64,     243776046,    2f,      10000
             page6_oramB64Z4L5,    8192,        mem,      linear_load_test_u64,      39354012,    c4,      10000
             page6_oramB64Z4L5,    8192,        mem,     linear_store_test_u64,      39815434,    f4,      10000
             page6_oramB64Z4L6,   16384,        mem,      random_load_test_u64,     296940970,    ec,      10000
             page6_oramB64Z4L6,   16384,        mem,     random_store_test_u64,     294499340,    11,      10000
             page6_oramB64Z4L6,   16384,        mem,      linear_load_test_u64,      41311838,    4f,      10000
             page6_oramB64Z4L6,   16384,        mem,     linear_store_test_u64,      41751396,    4b,      10000
             page6_oramB64Z4L7,   32768,        mem,      random_load_test_u64,     328543908,     0,      10000
             page6_oramB64Z4L7,   32768,        mem,     random_store_test_u64,     328605500,     e,      10000
             page6_oramB64Z4L7,   32768,        mem,      linear_load_test_u64,      43299236,    4b,      10000
             page6_oramB64Z4L7,   32768,        mem,     linear_store_test_u64,      43800102,    39,      10000
             page6_oramB64Z4L8,   65536,        mem,      random_load_test_u64,     354881282,    aa,      10000
             page6_oramB64Z4L8,   65536,        mem,     random_store_test_u64,     356043696,     1,      10000
             page6_oramB64Z4L8,   65536,        mem,      linear_load_test_u64,      45289280,     d,      10000
             page6_oramB64Z4L8,   65536,        mem,     linear_store_test_u64,      45814174,    d2,      10000
             page6_oramB64Z4L9,  131072,        mem,      random_load_test_u64,     382434920,    dc,      10000
             page6_oramB64Z4L9,  131072,        mem,     random_store_test_u64,     382948590,    60,      10000
             page6_oramB64Z4L9,  131072,        mem,      linear_load_test_u64,      47388992,    64,      10000
             page6_oramB64Z4L9,  131072,        mem,     linear_store_test_u64,      47883954,    20,      10000
            page6_oramB64Z4L10,  262144,        mem,      random_load_test_u64,     411534554,    f1,      10000
            page6_oramB64Z4L10,  262144,        mem,     random_store_test_u64,     412003794,    56,      10000
            page6_oramB64Z4L10,  262144,        mem,      linear_load_test_u64,      49327160,    3b,      10000
            page6_oramB64Z4L10,  262144,        mem,     linear_store_test_u64,      49885482,    ee,      10000
            page6_oramB64Z4L11,  524288,        mem,      random_load_test_u64,     450642336,    33,      10000
            page6_oramB64Z4L11,  524288,        mem,     random_store_test_u64,     449531962,    8f,      10000
            page6_oramB64Z4L11,  524288,        mem,      linear_load_test_u64,      51356004,    61,      10000
            page6_oramB64Z4L11,  524288,        mem,     linear_store_test_u64,      52037710,    ae,      10000
            page6_oramB64Z4L12, 1048576,        mem,      random_load_test_u64,     511111188,    b6,      10000
            page6_oramB64Z4L12, 1048576,        mem,     random_store_test_u64,     510870454,    2c,      10000
            page6_oramB64Z4L12, 1048576,        mem,      linear_load_test_u64,      53487854,    b9,      10000
            page6_oramB64Z4L12, 1048576,        mem,     linear_store_test_u64,      54458716,    95,      10000
            page6_oramB64Z4L13, 2097152,        mem,      random_load_test_u64,     615907694,     f,      10000
            page6_oramB64Z4L13, 2097152,        mem,     random_store_test_u64,     620812186,    f3,      10000
            page6_oramB64Z4L13, 2097152,        mem,      linear_load_test_u64,      55579856,    6e,      10000
            page6_oramB64Z4L13, 2097152,        mem,     linear_store_test_u64,      57028104,    2a,      10000
