                 page6_oram200,     200,                      TEST,          TICK,  HASH        REP
                 page6_oram200,     200,      random_load_test_u64,         10798,    38        100
                 page6_oram200,     200,     random_store_test_u64,         24150,    ec        100
                 page6_oram200,     200,      linear_load_test_u64,          9670,    1a        100
                 page6_oram200,     200,     linear_store_test_u64,         24226,    f7        100
                 page6_oram200,     200,             binsearch_u64,         43376,    f7        100
                 page6_oram200,     200,                  dijkstra,        671268,    d8        100
                 page6_oram200,     200,                      hist,       1634020,    d7        100
                 page6_oram200,     200,                    matmul,       5741444,     8        100
                 page6_oram200,     200,                 qsort_u32,        118130,     8          1
                 page6_oram200,     200,                 qsort_u64,         45402,     8          1
                 page6_oram200,     200,                 radixsort,        201558,     8          1
                 page6_oram200,     200,                      TEST,          TICK,  HASH        REP
                 page6_oram200,     200,      random_load_test_u64,         10794,    38        100
                 page6_oram200,     200,     random_store_test_u64,         24256,    ec        100
                 page6_oram200,     200,      linear_load_test_u64,          9690,    1a        100
                 page6_oram200,     200,     linear_store_test_u64,         24192,    f7        100
                 page6_oram200,     200,             binsearch_u64,         43274,    f7        100
                 page6_oram200,     200,                  dijkstra,        665144,    d8        100
                 page6_oram200,     200,                      hist,       1627098,    d7        100
                 page6_oram200,     200,                    matmul,       5747498,     8        100
                 page6_oram200,     200,                 qsort_u32,        118472,     8          1
                 page6_oram200,     200,                 qsort_u64,         45586,     8          1
                 page6_oram200,     200,                 radixsort,        201868,     8          1
                 page6_oram200,     300,                      TEST,          TICK,  HASH        REP
                 page6_oram200,     300,      random_load_test_u64,         10034,    bf        100
                 page6_oram200,     300,     random_store_test_u64,         23982,    dc        100
                 page6_oram200,     300,      linear_load_test_u64,          9618,    3b        100
                 page6_oram200,     300,     linear_store_test_u64,         24108,     b        100
                 page6_oram200,     300,             binsearch_u64,         49480,     b        100
                 page6_oram200,     300,                  dijkstra,       1082082,    d8        100
                 page6_oram200,     300,                      hist,       2528002,    c2        100
                 page6_oram200,     300,                    matmul,       4644948,    29        100
                 page6_oram200,     300,                 qsort_u32,        152902,    b3          1
                 page6_oram200,     300,                 qsort_u64,         50932,    b3          1
                 page6_oram200,     300,                 radixsort,        202970,    b3          1
                 page6_oram500,     400,                      TEST,          TICK,  HASH        REP
                 page6_oram500,     400,      random_load_test_u64,         10782,    c9        100
                 page6_oram500,     400,     random_store_test_u64,         24268,    ea        100
                 page6_oram500,     400,      linear_load_test_u64,          9592,     f        100
                 page6_oram500,     400,     linear_store_test_u64,         24126,    51        100
                 page6_oram500,     400,             binsearch_u64,         50010,    51        100
                 page6_oram500,     400,                  dijkstra,       1181114,    5a        100
                 page6_oram500,     400,                      hist,       3359538,     d        100
                 page6_oram500,     400,                    matmul,       8921038,    a9        100
                 page6_oram500,     400,                 qsort_u32,        186380,    44          1
                 page6_oram500,     400,                 qsort_u64,         69032,    c4          1
                 page6_oram500,     400,                 radixsort,        249954,    c4          1
                 page6_oram500,     600,                      TEST,          TICK,  HASH        REP
                 page6_oram500,     600,      random_load_test_u64,         10238,    12        100
                 page6_oram500,     600,     random_store_test_u64,         24360,    28        100
                 page6_oram500,     600,      linear_load_test_u64,          9722,     b        100
                 page6_oram500,     600,     linear_store_test_u64,         24134,    fa        100
                 page6_oram500,     600,             binsearch_u64,         56668,    fa        100
                 page6_oram500,     600,                  dijkstra,       1844926,    83        100
                 page6_oram500,     600,                      hist,       5076666,    1b        100
                 page6_oram500,     600,                    matmul,      16340286,    15        100
                 page6_oram500,     600,                 qsort_u32,        394254,    d3          1
                 page6_oram500,     600,                 qsort_u64,        118138,    53          1
                 page6_oram500,     600,                 radixsort,        443886,    d3          1
                page6_oram1000,     700,                      TEST,          TICK,  HASH        REP
                page6_oram1000,     700,      random_load_test_u64,         10778,    75        100
                page6_oram1000,     700,     random_store_test_u64,         24062,    a0        100
                page6_oram1000,     700,      linear_load_test_u64,          9706,    c9        100
                page6_oram1000,     700,     linear_store_test_u64,         24200,    e7        100
                page6_oram1000,     700,             binsearch_u64,         56782,    e7        100
                page6_oram1000,     700,                  dijkstra,       2092644,    d3        100
                page6_oram1000,     700,                      hist,       4813178,    d9        100
                page6_oram1000,     700,                    matmul,      12733622,    2f        100
                page6_oram1000,     700,                 qsort_u32,        356368,    99          1
                page6_oram1000,     700,                 qsort_u64,        116148,    99          1
                page6_oram1000,     700,                 radixsort,        405918,    19          1
                page6_oram1000,     800,                      TEST,          TICK,  HASH        REP
                page6_oram1000,     800,      random_load_test_u64,         10818,    1c        100
                page6_oram1000,     800,     random_store_test_u64,         24268,    f1        100
                page6_oram1000,     800,      linear_load_test_u64,          9754,    ed        100
                page6_oram1000,     800,     linear_store_test_u64,         24082,     0        100
                page6_oram1000,     800,             binsearch_u64,         56558,     0        100
                page6_oram1000,     800,                  dijkstra,       2409300,    d4        100
                page6_oram1000,     800,                      hist,       4143512,    84        100
                page6_oram1000,     800,                    matmul,      13856668,    47        100
                page6_oram1000,     800,                 qsort_u32,        319724,    99          1
                page6_oram1000,     800,                 qsort_u64,        120202,    99          1
                page6_oram1000,     800,                 radixsort,        342866,    99          1
                page6_oram2000,    1200,                      TEST,          TICK,  HASH        REP
                page6_oram2000,    1200,      random_load_test_u64,          8162,    47        100
                page6_oram2000,    1200,     random_store_test_u64,         19268,    7d        100
                page6_oram2000,    1200,      linear_load_test_u64,          7786,    4d        100
                page6_oram2000,    1200,     linear_store_test_u64,         19220,    27        100
                page6_oram2000,    1200,             binsearch_u64,         50914,    27        100
                page6_oram2000,    1200,                  dijkstra,       2975356,    d1        100
                page6_oram2000,    1200,                      hist,       5445588,     1        100
                page6_oram2000,    1200,                    matmul,      16631148,    b1        100
                page6_oram2000,    1200,                 qsort_u32,        352910,    6b          1
                page6_oram2000,    1200,                 qsort_u64,        147268,    6b          1
                page6_oram2000,    1200,                 radixsort,        424468,    6b          1
                page6_oram2000,    1600,                      TEST,          TICK,  HASH        REP
                page6_oram2000,    1600,      random_load_test_u64,         14662,    1f        100
                page6_oram2000,    1600,     random_store_test_u64,         24276,    f5        100
                page6_oram2000,    1600,      linear_load_test_u64,         10106,     b        100
                page6_oram2000,    1600,     linear_store_test_u64,         24162,    65        100
                page6_oram2000,    1600,             binsearch_u64,         63228,    65        100
                page6_oram2000,    1600,                  dijkstra,       3586872,    ed        100
                page6_oram2000,    1600,                      hist,       6594602,    96        100
                page6_oram2000,    1600,                    matmul,      26050878,    e1        100
                page6_oram2000,    1600,                 qsort_u32,        545850,    f6          1
                page6_oram2000,    1600,                 qsort_u64,        200660,    f6          1
                page6_oram2000,    1600,                 radixsort,        565804,    f6          1
                page6_oram4000,    2400,                      TEST,          TICK,  HASH        REP
                page6_oram4000,    2400,      random_load_test_u64,       3771276,    63        100
                page6_oram4000,    2400,     random_store_test_u64,       3093350,    14        100
                page6_oram4000,    2400,      linear_load_test_u64,       1568222,    9b        100
                page6_oram4000,    2400,     linear_store_test_u64,         21672,    a9        100
                page6_oram4000,    2400,             binsearch_u64,        422464,    a9        100
                page6_oram4000,    2400,                  dijkstra,      12346506,    bc        100
                page6_oram4000,    2400,                      hist,     179250342,    87        100
                page6_oram4000,    2400,                    matmul,     265038920,     a        100
                page6_oram4000,    2400,                 qsort_u32,       5604852,    58          1
                page6_oram4000,    2400,                 qsort_u64,       6814684,    d8          1
                page6_oram4000,    2400,                 radixsort,      36991306,    58          1
                page6_oram4000,    3200,                      TEST,          TICK,  HASH        REP
                page6_oram4000,    3200,      random_load_test_u64,       5347088,    3e        100
                page6_oram4000,    3200,     random_store_test_u64,       5908972,    1e        100
                page6_oram4000,    3200,      linear_load_test_u64,       1371018,     5        100
                page6_oram4000,    3200,     linear_store_test_u64,         14832,    73        100
                page6_oram4000,    3200,             binsearch_u64,        366706,    73        100
                page6_oram4000,    3200,                  dijkstra,      19307578,    86        100
                page6_oram4000,    3200,                      hist,     537347446,    67        100
                page6_oram4000,    3200,                    matmul,     710199676,    d7        100
                page6_oram4000,    3200,                 qsort_u32,       9033602,    9f          1
                page6_oram4000,    3200,                 qsort_u64,       7905072,    9f          1
                page6_oram4000,    3200,                 radixsort,      60680106,    1f          1
                page6_oram8000,    4800,                      TEST,          TICK,  HASH        REP
                page6_oram8000,    4800,      random_load_test_u64,       6529696,    4b        100
                page6_oram8000,    4800,     random_store_test_u64,       4763378,    b1        100
                page6_oram8000,    4800,      linear_load_test_u64,       1128862,    de        100
                page6_oram8000,    4800,     linear_store_test_u64,         14952,    bc        100
                page6_oram8000,    4800,             binsearch_u64,        368284,    bc        100
                page6_oram8000,    4800,                  dijkstra,      32109280,    65        100
                page6_oram8000,    4800,                      hist,    1573443926,    d3        100
                page6_oram8000,    4800,                    matmul,    5828945992,     2        100
                page6_oram8000,    4800,                 qsort_u32,      16104298,    9f          1
                page6_oram8000,    4800,                 qsort_u64,      17790160,    1f          1
                page6_oram8000,    4800,                 radixsort,      91333626,    1f          1
                page6_oram8000,    6400,                      TEST,          TICK,  HASH        REP
                page6_oram8000,    6400,      random_load_test_u64,       6905838,    a5        100
                page6_oram8000,    6400,     random_store_test_u64,       5974468,     3        100
                page6_oram8000,    6400,      linear_load_test_u64,        771848,    67        100
                page6_oram8000,    6400,     linear_store_test_u64,         10988,    7d        100
                page6_oram8000,    6400,             binsearch_u64,        369692,    7d        100
                page6_oram8000,    6400,                  dijkstra,      33387420,    f7        100
                page6_oram8000,    6400,                      hist,    2518760688,    1d        100
                page6_oram8000,    6400,                    matmul,   75196393310,    8b        100
                page6_oram8000,    6400,                 qsort_u32,      27676892,    de          1
                page6_oram8000,    6400,                 qsort_u64,      34625984,    5e          1
                page6_oram8000,    6400,                 radixsort,     134157846,    5e          1
                       oram200,     200,                      TEST,          TICK,  HASH        REP
                       oram200,     200,      random_load_test_u64,       3575010,    38        100
                       oram200,     200,     random_store_test_u64,       7175040,    ec        100
                       oram200,     200,      linear_load_test_u64,       2297058,    1a        100
                       oram200,     200,     linear_store_test_u64,       4791172,    f7        100
                       oram200,     200,             binsearch_u64,       6787248,    f7        100
                       oram200,     200,                  dijkstra,      92452076,    d8        100
                       oram200,     200,                      hist,     318663296,    d7        100
                       oram200,     200,                    matmul,    1575831918,     8        100
                       oram200,     200,                 qsort_u32,      27058770,     8          1
                       oram200,     200,                 qsort_u64,      10732404,     8          1
                       oram200,     200,                 radixsort,      44862294,     8          1
                       oram200,     200,                      TEST,          TICK,  HASH        REP
                       oram200,     200,      random_load_test_u64,       3555554,    38        100
                       oram200,     200,     random_store_test_u64,       7209826,    ec        100
                       oram200,     200,      linear_load_test_u64,       3269632,    1a        100
                       oram200,     200,     linear_store_test_u64,       4532136,    f7        100
                       oram200,     200,             binsearch_u64,       6792106,    f7        100
                       oram200,     200,                  dijkstra,      92433466,    d8        100
                       oram200,     200,                      hist,     318681474,    d7        100
                       oram200,     200,                    matmul,    1575728636,     8        100
                       oram200,     200,                 qsort_u32,      27071944,     8          1
                       oram200,     200,                 qsort_u64,      10733026,     8          1
                       oram200,     200,                 radixsort,      44858948,     8          1
                       oram200,     300,                      TEST,          TICK,  HASH        REP
                       oram200,     300,      random_load_test_u64,       2977770,    bf        100
                       oram200,     300,     random_store_test_u64,       5714478,    dc        100
                       oram200,     300,      linear_load_test_u64,       1569924,    3b        100
                       oram200,     300,     linear_store_test_u64,       3610504,     b        100
                       oram200,     300,             binsearch_u64,       9710774,     b        100
                       oram200,     300,                  dijkstra,     182365304,    d8        100
                       oram200,     300,                      hist,     606966184,    c2        100
                       oram200,     300,                    matmul,    1720053590,    29        100
                       oram200,     300,                 qsort_u32,      60244482,    b3          1
                       oram200,     300,                 qsort_u64,      19942120,    b3          1
                       oram200,     300,                 radixsort,      74030728,    b3          1
                       oram500,     400,                      TEST,          TICK,  HASH        REP
                       oram500,     400,      random_load_test_u64,       2969504,    c9        100
                       oram500,     400,     random_store_test_u64,       5893900,    ea        100
                       oram500,     400,      linear_load_test_u64,       1835762,     f        100
                       oram500,     400,     linear_store_test_u64,       3683312,    51        100
                       oram500,     400,             binsearch_u64,       9944992,    51        100
                       oram500,     400,                  dijkstra,     201990402,    5a        100
                       oram500,     400,                      hist,     740435420,     d        100
                       oram500,     400,                    matmul,    2769657064,    a9        100
                       oram500,     400,                 qsort_u32,      64430898,    44          1
                       oram500,     400,                 qsort_u64,      23967622,    c4          1
                       oram500,     400,                 radixsort,      90005242,    c4          1
                       oram500,     600,                      TEST,          TICK,  HASH        REP
                       oram500,     600,      random_load_test_u64,       2444668,    12        100
                       oram500,     600,     random_store_test_u64,       4796418,    28        100
                       oram500,     600,      linear_load_test_u64,       2237550,     b        100
                       oram500,     600,     linear_store_test_u64,       4201568,    fa        100
                       oram500,     600,             binsearch_u64,      14230794,    fa        100
                       oram500,     600,                  dijkstra,     419383334,    83        100
                       oram500,     600,                      hist,    1397000822,    1b        100
                       oram500,     600,                    matmul,    8377385542,    15        100
                       oram500,     600,                 qsort_u32,     175131546,    d3          1
                       oram500,     600,                 qsort_u64,      49282380,    53          1
                       oram500,     600,                 radixsort,     182743792,    d3          1
                      oram1000,     700,                      TEST,          TICK,  HASH        REP
                      oram1000,     700,      random_load_test_u64,       2239384,    75        100
                      oram1000,     700,     random_store_test_u64,       4044918,    a0        100
                      oram1000,     700,      linear_load_test_u64,       1768392,    c9        100
                      oram1000,     700,     linear_store_test_u64,       3422096,    e7        100
                      oram1000,     700,             binsearch_u64,      12464164,    e7        100
                      oram1000,     700,                  dijkstra,     383114028,    d3        100
                      oram1000,     700,                      hist,    1330502830,    d9        100
                      oram1000,     700,                    matmul,    6635271422,    2f        100
                      oram1000,     700,                 qsort_u32,     145346592,    99          1
                      oram1000,     700,                 qsort_u64,      47402206,    99          1
                      oram1000,     700,                 radixsort,     156952470,    19          1
                      oram1000,     800,                      TEST,          TICK,  HASH        REP
                      oram1000,     800,      random_load_test_u64,       2230520,    1c        100
                      oram1000,     800,     random_store_test_u64,       4056360,    f1        100
                      oram1000,     800,      linear_load_test_u64,       1915860,    ed        100
                      oram1000,     800,     linear_store_test_u64,       3520926,     0        100
                      oram1000,     800,             binsearch_u64,      12846246,     0        100
                      oram1000,     800,                  dijkstra,     464753844,    d4        100
                      oram1000,     800,                      hist,    1605559198,    84        100
                      oram1000,     800,                    matmul,   10147275690,    47        100
                      oram1000,     800,                 qsort_u32,     197318320,    99          1
                      oram1000,     800,                 qsort_u64,      74594954,    99          1
                      oram1000,     800,                 radixsort,     195880674,    99          1
                      oram2000,    1200,                      TEST,          TICK,  HASH        REP
                      oram2000,    1200,      random_load_test_u64,       2328876,    47        100
                      oram2000,    1200,     random_store_test_u64,       4182380,    7d        100
                      oram2000,    1200,      linear_load_test_u64,       1754526,    4d        100
                      oram2000,    1200,     linear_store_test_u64,       3386044,    27        100
                      oram2000,    1200,             binsearch_u64,      15209144,    27        100
                      oram2000,    1200,                  dijkstra,     615398328,    d1        100
                      oram2000,    1200,                      hist,    2303770732,     1        100
                      oram2000,    1200,                    matmul,   13114037368,    b1        100
                      oram2000,    1200,                 qsort_u32,     229004838,    6b          1
                      oram2000,    1200,                 qsort_u64,     103002214,    6b          1
                      oram2000,    1200,                 radixsort,     265218076,    6b          1
                      oram2000,    1600,                      TEST,          TICK,  HASH        REP
                      oram2000,    1600,      random_load_test_u64,       2626452,    1f        100
                      oram2000,    1600,     random_store_test_u64,       4626422,    f5        100
                      oram2000,    1600,      linear_load_test_u64,       1938278,     b        100
                      oram2000,    1600,     linear_store_test_u64,       4042784,    65        100
                      oram2000,    1600,             binsearch_u64,      16574622,    65        100
                      oram2000,    1600,                  dijkstra,     801298550,    ed        100
                      oram2000,    1600,                      hist,    3260550176,    96        100
                      oram2000,    1600,                    matmul,   24337636230,    e1        100
                      oram2000,    1600,                 qsort_u32,     398308180,    f6          1
                      oram2000,    1600,                 qsort_u64,     134972820,    f6          1
                      oram2000,    1600,                 radixsort,     386284376,    f6          1
                      oram4000,    2400,                      TEST,          TICK,  HASH        REP
                      oram4000,    2400,      random_load_test_u64,       3129610,    63        100
                      oram4000,    2400,     random_store_test_u64,       5156496,    14        100
                      oram4000,    2400,      linear_load_test_u64,       2109120,    9b        100
                      oram4000,    2400,     linear_store_test_u64,       3812416,    a9        100
                      oram4000,    2400,             binsearch_u64,      19965870,    a9        100
                      oram4000,    2400,                  dijkstra,    1291616346,    bc        100
                      oram4000,    2400,                      hist,    5176863370,    87        100
                      oram4000,    2400,                    matmul,   50331980854,     a        100
                      oram4000,    2400,                 qsort_u32,     607026970,    58          1
                      oram4000,    2400,                 qsort_u64,     277825774,    d8          1
                      oram4000,    2400,                 radixsort,     600150526,    58          1
                      oram4000,    3200,                      TEST,          TICK,  HASH        REP
                      oram4000,    3200,      random_load_test_u64,       3027054,    3e        100
                      oram4000,    3200,     random_store_test_u64,       5620746,    1e        100
                      oram4000,    3200,      linear_load_test_u64,       2131278,     5        100
                      oram4000,    3200,     linear_store_test_u64,       4268872,    73        100
                      oram4000,    3200,             binsearch_u64,      22089098,    73        100
                      oram4000,    3200,                  dijkstra,    1893776772,    86        100
                      oram4000,    3200,                      hist,    7538142286,    67        100
                      oram4000,    3200,                    matmul,   78724105586,    d7        100
                      oram4000,    3200,                 qsort_u32,    1048734822,    9f          1
                      oram4000,    3200,                 qsort_u64,     393723350,    9f          1
                      oram4000,    3200,                 radixsort,     870648398,    1f          1
                      oram8000,    4800,                      TEST,          TICK,  HASH        REP
                      oram8000,    4800,      random_load_test_u64,       3563388,    4b        100
                      oram8000,    4800,     random_store_test_u64,       5574410,    b1        100
                      oram8000,    4800,      linear_load_test_u64,       2223836,    de        100
                      oram8000,    4800,     linear_store_test_u64,       4098210,    bc        100
                      oram8000,    4800,             binsearch_u64,      24713894,    bc        100
                      oram8000,    4800,                  dijkstra,    2586621720,    65        100
                      oram8000,    4800,                      hist,   10933222798,    d3        100
                      oram8000,    4800,                    matmul,  123225310124,     2        100
                      oram8000,    4800,                 qsort_u32,    1548165370,    9f          1
                      oram8000,    4800,                 qsort_u64,     609806970,    1f          1
                      oram8000,    4800,                 radixsort,    1216685838,    1f          1
./run-tests-oram.sh: line 64: 0: command not found
                      oram2000,    1200,                      TEST,          TICK,  HASH        REP
                      oram2000,    1200,      random_load_test_u64,       2328006,    47        100
                      oram2000,    1200,     random_store_test_u64,       4177460,    7d        100
                      oram2000,    1200,      linear_load_test_u64,       1749190,    4d        100
                      oram2000,    1200,     linear_store_test_u64,       3384280,    27        100
                      oram2000,    1200,             binsearch_u64,      15196932,    27        100
                      oram2000,    1200,                  dijkstra,     615221764,    d1        100
                      oram2000,    1200,                      hist,    2302794542,     1        100
                      oram2000,    1200,                    matmul,   13111527752,    b1        100
                      oram2000,    1200,                 qsort_u32,     229048554,    6b          1
                      oram2000,    1200,                 qsort_u64,     103016934,    6b          1
                      oram2000,    1200,                 radixsort,     265262286,    6b          1
                      oram2000,    1600,                      TEST,          TICK,  HASH        REP
                      oram2000,    1600,      random_load_test_u64,       2623854,    1f        100
                      oram2000,    1600,     random_store_test_u64,       4636060,    f5        100
                      oram2000,    1600,      linear_load_test_u64,       1939430,     b        100
                      oram2000,    1600,     linear_store_test_u64,       4043660,    65        100
                      oram2000,    1600,             binsearch_u64,      16572584,    65        100
                      oram2000,    1600,                  dijkstra,     801360066,    ed        100
                      oram2000,    1600,                      hist,    3261218682,    96        100
                      oram2000,    1600,                    matmul,   24337797004,    e1        100
                      oram2000,    1600,                 qsort_u32,     398349044,    f6          1
                      oram2000,    1600,                 qsort_u64,     134940860,    f6          1
                      oram2000,    1600,                 radixsort,     386322716,    f6          1
                      oram4000,    2400,                      TEST,          TICK,  HASH        REP
                      oram4000,    2400,      random_load_test_u64,       3128840,    63        100
                      oram4000,    2400,     random_store_test_u64,       5149058,    14        100
                      oram4000,    2400,      linear_load_test_u64,       2108404,    9b        100
                      oram4000,    2400,     linear_store_test_u64,       3816402,    a9        100
                      oram4000,    2400,             binsearch_u64,      19969700,    a9        100
                      oram4000,    2400,                  dijkstra,    1291624136,    bc        100
                      oram4000,    2400,                      hist,    5176803304,    87        100
                      oram4000,    2400,                    matmul,   50343943932,     a        100
                      oram4000,    2400,                 qsort_u32,     606796030,    58          1
                      oram4000,    2400,                 qsort_u64,     278136636,    d8          1
                      oram4000,    2400,                 radixsort,     600181136,    58          1
                      oram4000,    3200,                      TEST,          TICK,  HASH        REP
                      oram4000,    3200,      random_load_test_u64,       3028604,    3e        100
                      oram4000,    3200,     random_store_test_u64,       5607822,    1e        100
                      oram4000,    3200,      linear_load_test_u64,       2128644,     5        100
                      oram4000,    3200,     linear_store_test_u64,       4264442,    73        100
                      oram4000,    3200,             binsearch_u64,      22070496,    73        100
                      oram4000,    3200,                  dijkstra,    1891719358,    86        100
                      oram4000,    3200,                      hist,    7529472974,    67        100
                      oram4000,    3200,                    matmul,   78619797172,    d7        100
                      oram4000,    3200,                 qsort_u32,    1047607428,    9f          1
                      oram4000,    3200,                 qsort_u64,     392886708,    9f          1
                      oram4000,    3200,                 radixsort,     870307388,    1f          1
                      oram8000,    4800,                      TEST,          TICK,  HASH        REP
                      oram8000,    4800,      random_load_test_u64,       3564388,    4b        100
                      oram8000,    4800,     random_store_test_u64,       5579012,    b1        100
                      oram8000,    4800,      linear_load_test_u64,       2225626,    de        100
                      oram8000,    4800,     linear_store_test_u64,       4101770,    bc        100
                      oram8000,    4800,             binsearch_u64,      24734188,    bc        100
                      oram8000,    4800,                  dijkstra,    2599637576,    65        100
                      oram8000,    4800,                      hist,   10991308494,    d3        100
                      oram8000,    4800,                    matmul,  123703055784,     2        100
                      oram8000,    4800,                 qsort_u32,    1556889374,    9f          1
                      oram8000,    4800,                 qsort_u64,     613079520,    1f          1
                      oram8000,    4800,                 radixsort,    1223760362,    1f          1
                      oram8000,    6400,                      TEST,          TICK,  HASH        REP
                      oram8000,    6400,      random_load_test_u64,       3692288,    a5        100
                      oram8000,    6400,     random_store_test_u64,       6081972,     3        100
                      oram8000,    6400,      linear_load_test_u64,       2418298,    67        100
                      oram8000,    6400,     linear_store_test_u64,       4351656,    7d        100
                      oram8000,    6400,             binsearch_u64,      26561348,    7d        100
                      oram8000,    6400,                  dijkstra,    3631210630,    f7        100
                      oram8000,    6400,                      hist,   15750923550,    1d        100
                      oram8000,    6400,                    matmul,  232075080120,    8b        100
                      oram8000,    6400,                 qsort_u32,    2266326710,    de          1
                      oram8000,    6400,                 qsort_u64,    1128056804,    5e          1
                      oram8000,    6400,                 radixsort,    1817868696,    5e          1
