86 matches for "qsort" in buffer: *Async Shell Command*
      9:            1000 aes                qsort_u32     632893178   315677a8
     17:          1000 page6                qsort_u32     274542602   315677a8
     26:            2000 aes                qsort_u32    1446258018   116f9551
     34:          2000 page6                qsort_u32     727590180   116f9551
     43:            3000 aes                qsort_u32    2323971616   3afff334
     51:          3000 page6                qsort_u32    1211399466   3afff334
     60:            4000 aes                qsort_u32    3241326558   e8451791
     68:          4000 page6                qsort_u32    1731338784   e8451791
     77:            5000 aes                qsort_u32    4211129494   8de82a78
     85:          5000 page6                qsort_u32    2289417494   8de82a78
     94:            6000 aes                qsort_u32    5196015506   821bd903
    102:          6000 page6                qsort_u32    2863555556   821bd903
    111:            7000 aes                qsort_u32    6187999612   3574650e
    119:          7000 page6                qsort_u32    3460202182   3574650e
    128:            8000 aes                qsort_u32    7209012084   55a528ed
    136:          8000 page6                qsort_u32    4066856672   55a528ed
    145:            9000 aes                qsort_u32    8261265262   70106ddd
    153:          9000 page6                qsort_u32    4722470450   70106ddd
    162:           10000 aes                qsort_u32    9335082812    90e7acd
    170:         10000 page6                qsort_u32    5379286988    90e7acd
    179:           11000 aes                qsort_u32   10378614766   dfdb4a19
    187:         11000 page6                qsort_u32    6005224796   dfdb4a19
    196:           12000 aes                qsort_u32   11520566050   204d5ee8
    204:         12000 page6                qsort_u32    6715216132   204d5ee8
    213:           13000 aes                qsort_u32   12527707656   f5287f2c
    221:         13000 page6                qsort_u32    7380181732   f5287f2c
    230:           14000 aes                qsort_u32   13655762960   80ed71f2
    238:         14000 page6                qsort_u32    8087546712   80ed71f2
    247:           15000 aes                qsort_u32   14854447546   bc8234ad
    255:         15000 page6                qsort_u32    8882911890   bc8234ad
    264:           16000 aes                qsort_u32   15859794744   8b0d3f99
    272:         16000 page6                qsort_u32    9483966952   8b0d3f99
    281:           17000 aes                qsort_u32   16999062258   a7cff5ac
    289:         17000 page6                qsort_u32   10254737828   a7cff5ac
    298:           18000 aes                qsort_u32   18120943242   771b20a2
    306:         18000 page6                qsort_u32   10980927222   771b20a2
    315:           19000 aes                qsort_u32   19272630796   9a39665b
    323:         19000 page6                qsort_u32   11731867200   9a39665b
    332:           20000 aes                qsort_u32   20425926940   ebafcf19
    340:         20000 page6                qsort_u32   12492540092   ebafcf19
    349:           21000 aes                qsort_u32   21620556614   4838f350
    357:         21000 page6                qsort_u32   13438316158   4838f350
    366:           22000 aes                qsort_u32   22790607136   793ca762
    374:         22000 page6                qsort_u32   14016238406   793ca762
    383:           23000 aes                qsort_u32   23896421678   1a7ae7a8
    391:         23000 page6                qsort_u32   14790606046   1a7ae7a8
    400:           24000 aes                qsort_u32   25134986174   91c1c3ce
    408:         24000 page6                qsort_u32   15499988046   91c1c3ce
    417:           25000 aes                qsort_u32   26194294026    dcabfb8
    425:         25000 page6                qsort_u32   16348798264    dcabfb8
    434:           26000 aes                qsort_u32   27421900580   ec08bd45
    442:         26000 page6                qsort_u32   17173793792   ec08bd45
    451:           27000 aes                qsort_u32   28636007582   ecec1d71
    459:         27000 page6                qsort_u32   17987437694   ecec1d71
    468:           28000 aes                qsort_u32   29772268422   e8b5bfd7
    476:         28000 page6                qsort_u32   18754622242   e8b5bfd7
    485:           29000 aes                qsort_u32   31124572858   4b5ff4ce
    493:         29000 page6                qsort_u32   19604988804   4b5ff4ce
    502:           30000 aes                qsort_u32   32219346500   97b39b55
    510:         30000 page6                qsort_u32   20595796080   97b39b55
    519:           31000 aes                qsort_u32   33356851282   a59519d7
    527:         31000 page6                qsort_u32   21230644658   a59519d7
    536:           32000 aes                qsort_u32   34517905514    a2cd5cb
    544:         32000 page6                qsort_u32   21926767786    a2cd5cb
    553:           33000 aes                qsort_u32   35789223784   61f31106
    561:         33000 page6                qsort_u32   22922373458   61f31106
    570:           34000 aes                qsort_u32   37059079758   2fcb4cc9
    578:         34000 page6                qsort_u32   23961964604   2fcb4cc9
    587:           35000 aes                qsort_u32   38245517002    8d15d66
    595:         35000 page6                qsort_u32   24630291832    8d15d66
    604:           36000 aes                qsort_u32   39593470898   134e4085
    612:         36000 page6                qsort_u32   25478542454   134e4085
    621:           37000 aes                qsort_u32   40763303088   fa06e584
    629:         37000 page6                qsort_u32   26504237730   fa06e584
    638:           38000 aes                qsort_u32   41988495888   b7ad3a6d
    646:         38000 page6                qsort_u32   27198627192   b7ad3a6d
    655:           39000 aes                qsort_u32   43251291066   1b0165ed
    663:         39000 page6                qsort_u32   28125174198   1b0165ed
    672:           40000 aes                qsort_u32   44572799492   b493ee38
    680:         40000 page6                qsort_u32   28834964104   b493ee38
    689:           41000 aes                qsort_u32   45598710270   fb334974
    697:         41000 page6                qsort_u32   30015726698   fb334974
    706:           42000 aes                qsort_u32   46966764018   57745624
    714:         42000 page6                qsort_u32   30731894262   57745624
    723:           43000 aes                qsort_u32   48026181518   ffb76af5
    731:         43000 page6                qsort_u32   31668293854   ffb76af5
