              target,        LEN, HEADER,                      TEST,          TICK,  HASH,        REP
              target,        LEN, HEADER,  cnt_trans,   cnt_rasm, cnt_swap_in, cnt_swap_out, time_trans,  time_rasm, time_swap_in, time_swap_out
                 bin,        502, STATS,         498,        498,          0,          0,           44322,           14318,               0,               0
                 bin,        630, STATS,         554,        554,          0,          0,           49294,           15932,               0,               0
                 bin,        758, STATS,         578,        578,          0,          0,           51384,           16644,               0,               0
                 bin,        886, STATS,         600,        600,          0,          0,           53356,           17286,               0,               0
                 bin,       1014, STATS,         606,        606,          0,          0,           53878,           17452,               0,               0
                 bin,       1270, STATS,         654,        654,          0,          0,           58096,           18878,               0,               0
                 bin,       1526, STATS,         669,        669,          0,          0,           59454,           19280,               0,               0
                 bin,       1782, STATS,         674,        674,         35,         25,           66076,           19412,            1352,            1042
                 bin,       2038, STATS,         720,        720,         81,         25,           75974,           20820,            3150,            1036
                 bin,       2550, STATS,         739,        739,        101,         25,           80246,           21312,            3920,            1076
                 bin,       3062, STATS,         766,        766,        143,         25,           88534,           22094,            5488,            1036
                 bin,       3574, STATS,         791,        791,        193,         25,           98706,           22930,            7430,            1014
                 bin,       4086, STATS,         813,        813,        211,         25,          103570,           23584,            8132,            1068
                 bin,       5110, STATS,         874,        874,        267,         25,          120238,           25270,           10282,            1010
                 bin,       6134, STATS,         866,        866,        301,         25,          124744,           25036,           11574,            1022
                 bin,       7158, STATS,         895,        895,        344,         25,          136800,           25938,           13396,            1014
                 bin,       8182, STATS,         905,        905,        319,         25,          136874,           26224,           12316,            1004
                 bin,      10230, STATS,         937,        937,        382,         25,          158082,           27266,           14786,            1014
                 bin,      12278, STATS,         969,        969,        387,         25,          164040,           28224,           14908,            1012
                 bin,      14326, STATS,        1018,       1018,        452,         25,          193256,           29540,           17462,            1012
                 bin,      16374, STATS,        1008,       1008,        490,         25,          207704,           29304,           19114,            1006
                 bin,      20470, STATS,        1022,       1022,        519,         25,          230786,           29702,           20414,            1018
                 bin,      24566, STATS,        1056,       1056,        547,         25,          260580,           30862,           21788,            1010
                 bin,      28662, STATS,        1117,       1117,        595,         25,          295422,           32518,           23822,            1022
                 bin,      32758, STATS,        1093,       1093,        618,         25,          329946,           31760,           25412,            1008
                 bin,      40950, STATS,        1167,       1167,        642,         25,          392702,           33860,           26224,            1018
                 bin,      49142, STATS,        1173,       1173,        660,         25,          425096,           34088,           27326,            1018
                 bin,      57334, STATS,        1191,       1191,        710,         25,          506518,           34606,           29362,            1012
                 bin,      65526, STATS,        1221,       1221,        763,         25,          623142,           35476,           33104,            1018
                 bin,      81910, STATS,        1233,       1233,        724,         25,          685578,           35902,           30612,            1028
                 bin,      98294, STATS,        1268,       1268,        804,         25,          893012,           36888,           34456,            1014
                 bin,     114678, STATS,        1275,       1275,        770,         25,          883352,           37034,           32994,            1042
                 bin,     131062, STATS,        1294,       1294,        850,         25,         1104344,           37590,           38064,            1014
                 bin,     163830, STATS,        1337,       1337,        849,         25,         1278226,           38834,           37038,            1006
                 bin,     196598, STATS,        1364,       1364,        888,         25,         1633732,           39634,           40206,            1022
                 bin,     229366, STATS,        1404,       1404,        928,         25,         1995570,           40734,           41194,            1028
                 bin,     262134, STATS,        1404,       1404,        944,         25,         2303362,           40840,           43550,            1010
                 bin,     327670, STATS,        1452,       1452,        988,         25,         2943216,           42066,           45458,            1018
                 bin,     393206, STATS,        1488,       1488,       1022,         25,         3465546,           43248,           47596,            1024
                 bin,     458742, STATS,        1472,       1472,       1030,         25,         3811240,           42758,           47434,            1018
              matmul,        502, STATS,      181300,     181300,          1,          0,        16173974,         5218262,           10618,               0
              matmul,        630, STATS,      268800,     268800,          1,          0,        23907516,         7741434,           13256,               0
              matmul,        758, STATS,      268800,     268800,          0,          0,        23884040,         7741820,               0,               0
              matmul,        886, STATS,      380700,     380700,          1,          0,        33977484,        10959946,           10632,               0
              matmul,       1014, STATS,      520000,     520000,          2,          0,        46378846,        14974786,           11204,               0
              matmul,       1270, STATS,      689700,     689700,          2,          0,        61516500,        19863196,           11688,               0
              matmul,       1526, STATS,      892800,     892800,       1245,        363,        79800830,        25704028,           47684,           24746
              matmul,       1782, STATS,     1132300,    1132300,       2896,        818,       101385396,        32608512,          110412,           32130
              matmul,       2038, STATS,     1411200,    1411200,       3954,       1013,       125942988,        40626076,          152310,           39818
              matmul,       2550, STATS,     1732500,    1732500,       5439,       1423,       155362866,        49892048,          208614,           56192
              matmul,       3062, STATS,     2099200,    2099200,       5699,       1716,       187985980,        60441630,          217702,           67066
              matmul,       3574, STATS,     2980800,    2980800,     245670,      11332,       300926298,        85851670,         9412750,          459122
              matmul,       4086, STATS,     3501700,    3501700,     314975,      13744,       358548224,       100934956,        12154088,          542452
              matmul,       5110, STATS,     4718700,    4718700,     555212,      23322,       509276036,       135933800,        21277038,          916932
              matmul,       6134, STATS,     6189300,    6189300,    1387882,      52277,       787428886,       178457606,        53330274,         2046352
              matmul,       7158, STATS,     7937500,    7937500,    1777905,      59324,      1023062628,       228859858,        68190038,         2320834
              matmul,       8182, STATS,     9987300,    9987300,    2223808,      64424,      1297191878,       287886552,        85187728,         2513368
              matmul,      10230, STATS,    13680000,   13680000,    3030608,      82524,      1817839102,       394629950,       115860252,         3221292
              matmul,      12278, STATS,    16588800,   16588800,    3593599,     108823,      2249215608,       478020544,       137551074,         4242710
              matmul,      14326, STATS,    21682500,   21682500,    4790903,     122224,      2999920344,       624920088,       183437574,         4764254
              matmul,      16374, STATS,    25600300,   25600300,    5654300,     145523,      3610375938,       737872902,       216113356,         5674266
              matmul,      20470, STATS,    37396800,   37396800,    8196411,     170924,      5408449850,      1078305010,       314272742,         6678690
              matmul,      24566, STATS,    49091200,   49091200,   10734108,     204924,      7283273126,      1416240216,       415047350,         8016328
              matmul,      28662, STATS,    59304700,   59304700,   12977502,     253124,      9032854124,      1710015674,       504999722,         9893376
              matmul,      32758, STATS,    75000300,   75000300,   16355612,     275224,     11630055024,      2163356978,       630547224,        10755140
              matmul,      40950, STATS,   103385700,  103385700,   22499307,     350024,     16702871240,      2984855496,       862831420,        13688326
              matmul,      49142, STATS,   131891200,  131891200,   28294399,     435223,     22013434208,      3804076704,      1090805822,        17164338
              matmul,      57334, STATS,   172480000,  172480000,   41670667,    2396404,     76788251302,      4983040006,      1599204734,        93613270
              matmul,      65526, STATS,   203707200,  203707200,   44113703,     578924,     36041507082,      5877494990,      1705034854,        22693138
              matmul,      81910, STATS,   287271300,  287271300,   62110905,     713824,     53270467600,      8302680338,      2402472306,        27948566
              matmul,      98294, STATS,   378441700,  378441700,   81700211,     853224,     73018792100,     10925005970,      3147431244,        33383690
              matmul,     114678, STATS,   472516800,  472516800,  101851808,    1007324,     94585368196,     13645298676,      3971114502,        39929740

  C-c C-c